This is pdfTeX, Version 3.141592653-2.6-1.40.25 (TeX Live 2023/Debian) (preloaded format=pdflatex 2025.5.2)  22 MAY 2025 09:44
entering extended mode
 restricted \write18 enabled.
 file:line:error style messages enabled.
 %&-line parsing enabled.
**/home/xintong/Documents/uWaterloo/thesis/thesisDefense.tex
(/home/xintong/Documents/uWaterloo/thesis/thesisDefense.tex
LaTeX2e <2023-11-01> patch level 1
L3 programming layer <2024-01-22>
(/usr/share/texlive/texmf-dist/tex/latex/base/book.cls
Document Class: book 2023/05/17 v1.4n Standard LaTeX document class
(/usr/share/texlive/texmf-dist/tex/latex/base/bk12.clo
File: bk12.clo 2023/05/17 v1.4n Standard LaTeX file (size option)
)
\c@part=\count187
\c@chapter=\count188
\c@section=\count189
\c@subsection=\count190
\c@subsubsection=\count191
\c@paragraph=\count192
\c@subparagraph=\count193
\c@figure=\count194
\c@table=\count195
\abovecaptionskip=\skip48
\belowcaptionskip=\skip49
\bibindent=\dimen140
) (/usr/share/texlive/texmf-dist/tex/latex/base/ifthen.sty
Package: ifthen 2022/04/13 v1.1d Standard LaTeX ifthen package (DPC)
) (/usr/share/texlive/texmf-dist/tex/latex/amsmath/amsmath.sty
Package: amsmath 2023/05/13 v2.17o AMS math features
\@mathmargin=\skip50

For additional information on amsmath, use the `?' option.
(/usr/share/texlive/texmf-dist/tex/latex/amsmath/amstext.sty
Package: amstext 2021/08/26 v2.01 AMS text
 (/usr/share/texlive/texmf-dist/tex/latex/amsmath/amsgen.sty
File: amsgen.sty 1999/11/30 v2.0 generic functions
\@emptytoks=\toks17
\ex@=\dimen141
)) (/usr/share/texlive/texmf-dist/tex/latex/amsmath/amsbsy.sty
Package: amsbsy 1999/11/29 v1.2d Bold Symbols
\pmbraise@=\dimen142
) (/usr/share/texlive/texmf-dist/tex/latex/amsmath/amsopn.sty
Package: amsopn 2022/04/08 v2.04 operator names
)
\inf@bad=\count196
LaTeX Info: Redefining \frac on input line 234.
\uproot@=\count197
\leftroot@=\count198
LaTeX Info: Redefining \overline on input line 399.
LaTeX Info: Redefining \colon on input line 410.
\classnum@=\count199
\DOTSCASE@=\count266
LaTeX Info: Redefining \ldots on input line 496.
LaTeX Info: Redefining \dots on input line 499.
LaTeX Info: Redefining \cdots on input line 620.
\Mathstrutbox@=\box51
\strutbox@=\box52
LaTeX Info: Redefining \big on input line 722.
LaTeX Info: Redefining \Big on input line 723.
LaTeX Info: Redefining \bigg on input line 724.
LaTeX Info: Redefining \Bigg on input line 725.
\big@size=\dimen143
LaTeX Font Info:    Redeclaring font encoding OML on input line 743.
LaTeX Font Info:    Redeclaring font encoding OMS on input line 744.
\macc@depth=\count267
LaTeX Info: Redefining \bmod on input line 905.
LaTeX Info: Redefining \pmod on input line 910.
LaTeX Info: Redefining \smash on input line 940.
LaTeX Info: Redefining \relbar on input line 970.
LaTeX Info: Redefining \Relbar on input line 971.
\c@MaxMatrixCols=\count268
\dotsspace@=\muskip16
\c@parentequation=\count269
\dspbrk@lvl=\count270
\tag@help=\toks18
\row@=\count271
\column@=\count272
\maxfields@=\count273
\andhelp@=\toks19
\eqnshift@=\dimen144
\alignsep@=\dimen145
\tagshift@=\dimen146
\tagwidth@=\dimen147
\totwidth@=\dimen148
\lineht@=\dimen149
\@envbody=\toks20
\multlinegap=\skip51
\multlinetaggap=\skip52
\mathdisplay@stack=\toks21
LaTeX Info: Redefining \[ on input line 2953.
LaTeX Info: Redefining \] on input line 2954.
) (/usr/share/texlive/texmf-dist/tex/latex/amsfonts/amssymb.sty
Package: amssymb 2013/01/14 v3.01 AMS font symbols
 (/usr/share/texlive/texmf-dist/tex/latex/amsfonts/amsfonts.sty
Package: amsfonts 2013/01/14 v3.01 Basic AMSFonts support
\symAMSa=\mathgroup4
\symAMSb=\mathgroup5
LaTeX Font Info:    Redeclaring math symbol \hbar on input line 98.
LaTeX Font Info:    Overwriting math alphabet `\mathfrak' in version `bold'
(Font)                  U/euf/m/n --> U/euf/b/n on input line 106.
)) (/usr/share/texlive/texmf-dist/tex/latex/graphics/graphicx.sty
Package: graphicx 2021/09/16 v1.2d Enhanced LaTeX Graphics (DPC,SPQR)
 (/usr/share/texlive/texmf-dist/tex/latex/graphics/keyval.sty
Package: keyval 2022/05/29 v1.15 key=value parser (DPC)
\KV@toks@=\toks22
) (/usr/share/texlive/texmf-dist/tex/latex/graphics/graphics.sty
Package: graphics 2022/03/10 v1.4e Standard LaTeX Graphics (DPC,SPQR)
 (/usr/share/texlive/texmf-dist/tex/latex/graphics/trig.sty
Package: trig 2021/08/11 v1.11 sin cos tan (DPC)
) (/usr/share/texlive/texmf-dist/tex/latex/graphics-cfg/graphics.cfg
File: graphics.cfg 2016/06/04 v1.11 sample graphics configuration
)
Package graphics Info: Driver file: pdftex.def on input line 107.
 (/usr/share/texlive/texmf-dist/tex/latex/graphics-def/pdftex.def
File: pdftex.def 2022/09/22 v1.2b Graphics/color driver for pdftex
))
\Gin@req@height=\dimen150
\Gin@req@width=\dimen151
) (/usr/share/texlive/texmf-dist/tex/latex/booktabs/booktabs.sty
Package: booktabs 2020/01/12 v1.61803398 Publication quality tables
\heavyrulewidth=\dimen152
\lightrulewidth=\dimen153
\cmidrulewidth=\dimen154
\belowrulesep=\dimen155
\belowbottomsep=\dimen156
\aboverulesep=\dimen157
\abovetopsep=\dimen158
\cmidrulesep=\dimen159
\cmidrulekern=\dimen160
\defaultaddspace=\dimen161
\@cmidla=\count274
\@cmidlb=\count275
\@aboverulesep=\dimen162
\@belowrulesep=\dimen163
\@thisruleclass=\count276
\@lastruleclass=\count277
\@thisrulewidth=\dimen164
) (/usr/share/texlive/texmf-dist/tex/latex/mathtools/mathtools.sty
Package: mathtools 2022/06/29 v1.29 mathematical typesetting tools
 (/usr/share/texlive/texmf-dist/tex/latex/tools/calc.sty
Package: calc 2023/07/08 v4.3 Infix arithmetic (KKT,FJ)
\calc@Acount=\count278
\calc@Bcount=\count279
\calc@Adimen=\dimen165
\calc@Bdimen=\dimen166
\calc@Askip=\skip53
\calc@Bskip=\skip54
LaTeX Info: Redefining \setlength on input line 80.
LaTeX Info: Redefining \addtolength on input line 81.
\calc@Ccount=\count280
\calc@Cskip=\skip55
) (/usr/share/texlive/texmf-dist/tex/latex/mathtools/mhsetup.sty
Package: mhsetup 2021/03/18 v1.4 programming setup (MH)
)
\g_MT_multlinerow_int=\count281
\l_MT_multwidth_dim=\dimen167
\origjot=\skip56
\l_MT_shortvdotswithinadjustabove_dim=\dimen168
\l_MT_shortvdotswithinadjustbelow_dim=\dimen169
\l_MT_above_intertext_sep=\dimen170
\l_MT_below_intertext_sep=\dimen171
\l_MT_above_shortintertext_sep=\dimen172
\l_MT_below_shortintertext_sep=\dimen173
\xmathstrut@box=\box53
\xmathstrut@dim=\dimen174
) (/usr/share/texlive/texmf-dist/tex/latex/graphics/color.sty
Package: color 2022/01/06 v1.3d Standard LaTeX Color (DPC)
 (/usr/share/texlive/texmf-dist/tex/latex/graphics-cfg/color.cfg
File: color.cfg 2016/01/02 v1.6 sample color configuration
)
Package color Info: Driver file: pdftex.def on input line 149.
 (/usr/share/texlive/texmf-dist/tex/latex/graphics/mathcolor.ltx)) (/usr/share/texlive/texmf-dist/tex/latex/base/inputenc.sty
Package: inputenc 2021/02/14 v1.3d Input encoding file
\inpenc@prehook=\toks23
\inpenc@posthook=\toks24
) (/usr/share/texlive/texmf-dist/tex/latex/natbib/natbib.sty
Package: natbib 2010/09/13 8.31b (PWD, AO)
\bibhang=\skip57
\bibsep=\skip58
LaTeX Info: Redefining \cite on input line 694.
\c@NAT@ctr=\count282
) (/usr/share/texlive/texmf-dist/tex/latex/algorithms/algorithm.sty
Package: algorithm 2009/08/24 v0.1 Document Style `algorithm' - floating environment
 (/usr/share/texlive/texmf-dist/tex/latex/float/float.sty
Package: float 2001/11/08 v1.3d Float enhancements (AL)
\c@float@type=\count283
\float@exts=\toks25
\float@box=\box54
\@float@everytoks=\toks26
\@floatcapt=\box55
)
\@float@every@algorithm=\toks27
\c@algorithm=\count284
) (/usr/share/texlive/texmf-dist/tex/latex/algorithms/algorithmic.sty
Package: algorithmic 2009/08/24 v0.1 Document Style `algorithmic'
\c@ALC@unique=\count285
\c@ALC@line=\count286
\c@ALC@rem=\count287
\c@ALC@depth=\count288
\ALC@tlm=\skip59
\algorithmicindent=\skip60
) (/usr/share/texlive/texmf-dist/tex/latex/caption/subcaption.sty
Package: subcaption 2023/07/28 v1.6b Sub-captions (AR)
 (/usr/share/texlive/texmf-dist/tex/latex/caption/caption.sty
Package: caption 2023/08/05 v3.6o Customizing captions (AR)
 (/usr/share/texlive/texmf-dist/tex/latex/caption/caption3.sty
Package: caption3 2023/07/31 v2.4d caption3 kernel (AR)
\caption@tempdima=\dimen175
\captionmargin=\dimen176
\caption@leftmargin=\dimen177
\caption@rightmargin=\dimen178
\caption@width=\dimen179
\caption@indent=\dimen180
\caption@parindent=\dimen181
\caption@hangindent=\dimen182
Package caption Info: Standard document class detected.
)
\c@caption@flags=\count289
\c@continuedfloat=\count290
Package caption Info: float package is loaded.
)
Package caption Info: New subtype `subfigure' on input line 238.
\c@subfigure=\count291
Package caption Info: New subtype `subtable' on input line 238.
\c@subtable=\count292
) (/usr/share/texlive/texmf-dist/tex/latex/tools/bm.sty
Package: bm 2023/07/08 v1.2f Bold Symbol Support (DPC/FMi)
\symboldoperators=\mathgroup6
\symboldletters=\mathgroup7
\symboldsymbols=\mathgroup8
Package bm Info: No bold for \OMX/cmex/m/n, using \pmb.
Package bm Info: No bold for \U/msa/m/n, using \pmb.
Package bm Info: No bold for \U/msb/m/n, using \pmb.
LaTeX Font Info:    Redeclaring math alphabet \mathbf on input line 149.
) (/usr/share/texlive/texmf-dist/tex/latex/enumitem/enumitem.sty
Package: enumitem 2019/06/20 v3.9 Customized lists
\labelindent=\skip61
\enit@outerparindent=\dimen183
\enit@toks=\toks28
\enit@inbox=\box56
\enit@count@id=\count293
\enitdp@description=\count294
) (/usr/share/texlive/texmf-dist/tex/latex/makecell/makecell.sty
Package: makecell 2009/08/03 V0.1e Managing of Tab Column Heads and Cells
 (/usr/share/texlive/texmf-dist/tex/latex/tools/array.sty
Package: array 2023/10/16 v2.5g Tabular extension package (FMi)
\col@sep=\dimen184
\ar@mcellbox=\box57
\extrarowheight=\dimen185
\NC@list=\toks29
\extratabsurround=\skip62
\backup@length=\skip63
\ar@cellbox=\box58
)
\rotheadsize=\dimen186
\c@nlinenum=\count295
\TeXr@lab=\toks30
) (/usr/share/texlive/texmf-dist/tex/latex/siunitx/siunitx.sty
Package: siunitx 2024-01-25 v3.3.10 A comprehensive (SI) units package
\l__siunitx_number_uncert_offset_int=\count296
\l__siunitx_number_exponent_fixed_int=\count297
\l__siunitx_number_min_decimal_int=\count298
\l__siunitx_number_min_integer_int=\count299
\l__siunitx_number_round_precision_int=\count300
\l__siunitx_number_lower_threshold_int=\count301
\l__siunitx_number_upper_threshold_int=\count302
\l__siunitx_number_group_first_int=\count303
\l__siunitx_number_group_size_int=\count304
\l__siunitx_number_group_minimum_int=\count305
\l__siunitx_angle_tmp_dim=\dimen187
\l__siunitx_angle_marker_box=\box59
\l__siunitx_angle_unit_box=\box60
\l__siunitx_compound_count_int=\count306
 (/usr/share/texlive/texmf-dist/tex/latex/translations/translations.sty
Package: translations 2022/02/05 v1.12 internationalization of LaTeX2e packages (CN)
 (/usr/share/texlive/texmf-dist/tex/latex/etoolbox/etoolbox.sty
Package: etoolbox 2020/10/05 v2.5k e-TeX tools for LaTeX (JAW)
\etb@tempcnta=\count307
) (/usr/share/texlive/texmf-dist/tex/generic/pdftexcmds/pdftexcmds.sty
Package: pdftexcmds 2020-06-27 v0.33 Utility functions of pdfTeX for LuaTeX (HO)
 (/usr/share/texlive/texmf-dist/tex/generic/infwarerr/infwarerr.sty
Package: infwarerr 2019/12/03 v1.5 Providing info/warning/error messages (HO)
) (/usr/share/texlive/texmf-dist/tex/generic/iftex/iftex.sty
Package: iftex 2022/02/03 v1.0f TeX engine tests
) (/usr/share/texlive/texmf-dist/tex/generic/ltxcmds/ltxcmds.sty
Package: ltxcmds 2023-12-04 v1.26 LaTeX kernel commands for general use (HO)
)
Package pdftexcmds Info: \pdf@primitive is available.
Package pdftexcmds Info: \pdf@ifprimitive is available.
Package pdftexcmds Info: \pdfdraftmode found.
))
\l__siunitx_table_tmp_box=\box61
\l__siunitx_table_tmp_dim=\dimen188
\l__siunitx_table_column_width_dim=\dimen189
\l__siunitx_table_integer_box=\box62
\l__siunitx_table_decimal_box=\box63
\l__siunitx_table_uncert_box=\box64
\l__siunitx_table_before_box=\box65
\l__siunitx_table_after_box=\box66
\l__siunitx_table_before_dim=\dimen190
\l__siunitx_table_carry_dim=\dimen191
\l__siunitx_unit_tmp_int=\count308
\l__siunitx_unit_position_int=\count309
\l__siunitx_unit_total_int=\count310
) (/usr/share/texlive/texmf-dist/tex/generic/ulem/ulem.sty
\UL@box=\box67
\UL@hyphenbox=\box68
\UL@skip=\skip64
\UL@hook=\toks31
\UL@height=\dimen192
\UL@pe=\count311
\UL@pixel=\dimen193
\ULC@box=\box69
Package: ulem 2019/11/18
\ULdepth=\dimen194
) (/usr/share/texlive/texmf-dist/tex/latex/lipsum/lipsum.sty (/usr/share/texlive/texmf-dist/tex/latex/l3packages/l3keys2e/l3keys2e.sty (/usr/share/texlive/texmf-dist/tex/latex/l3kernel/expl3.sty
Package: expl3 2024-01-22 L3 programming layer (loader) 
 (/usr/share/texlive/texmf-dist/tex/latex/l3backend/l3backend-pdftex.def
File: l3backend-pdftex.def 2024-01-04 L3 backend support: PDF output (pdfTeX)
\l__color_backend_stack_int=\count312
\l__pdf_internal_box=\box70
))
Package: l3keys2e 2023-10-10 LaTeX2e option processing using LaTeX3 keys
)
Package: lipsum 2021-09-20 v2.7 150 paragraphs of Lorem Ipsum dummy text
\g__lipsum_par_int=\count313
\l__lipsum_a_int=\count314
\l__lipsum_b_int=\count315
 (/usr/share/texlive/texmf-dist/tex/latex/lipsum/lipsum.ltd.tex)) (/usr/share/texlive/texmf-dist/tex/latex/ntheorem/ntheorem.sty
Style `ntheorem', Version 1.33 <2011/08/15>
Package: ntheorem 2011/08/15 1.33
\theorem@style=\toks32
\theorem@@style=\toks33
\theorembodyfont=\toks34
\theoremnumbering=\toks35
\theorempreskipamount=\skip65
\theorempostskipamount=\skip66
\theoremframepreskipamount=\skip67
\theoremframepostskipamount=\skip68
\theoreminframepreskipamount=\skip69
\theoreminframepostskipamount=\skip70
\theorem@preskip=\toks36
\theorem@postskip=\toks37
\theorem@framepreskip=\toks38
\theorem@framepostskip=\toks39
\theorem@inframepreskip=\toks40
\theorem@inframepostskip=\toks41
\theoremindent=\dimen195
\theorem@indent=\dimen196
\theoremrightindent=\dimen197
\theorem@rightindent=\dimen198
\theoremheaderfont=\toks42
\theoremseparator=\toks43
\theoremprework=\toks44
\theorempostwork=\toks45
\theoremsymbol=\toks46
\qedsymbol=\toks47
\theoremkeyword=\toks48
\qedsymbol=\toks49
\thm@topsep=\skip71
\thm@topsepadd=\skip72
) (/usr/share/texlive/texmf-dist/tex/latex/pgf/frontendlayer/tikz.sty (/usr/share/texlive/texmf-dist/tex/latex/pgf/basiclayer/pgf.sty (/usr/share/texlive/texmf-dist/tex/latex/pgf/utilities/pgfrcs.sty (/usr/share/texlive/texmf-dist/tex/generic/pgf/utilities/pgfutil-common.tex
\pgfutil@everybye=\toks50
\pgfutil@tempdima=\dimen199
\pgfutil@tempdimb=\dimen256
) (/usr/share/texlive/texmf-dist/tex/generic/pgf/utilities/pgfutil-latex.def
\pgfutil@abb=\box71
) (/usr/share/texlive/texmf-dist/tex/generic/pgf/utilities/pgfrcs.code.tex (/usr/share/texlive/texmf-dist/tex/generic/pgf/pgf.revision.tex)
Package: pgfrcs 2023-01-15 v3.1.10 (3.1.10)
))
Package: pgf 2023-01-15 v3.1.10 (3.1.10)
 (/usr/share/texlive/texmf-dist/tex/latex/pgf/basiclayer/pgfcore.sty (/usr/share/texlive/texmf-dist/tex/latex/pgf/systemlayer/pgfsys.sty (/usr/share/texlive/texmf-dist/tex/generic/pgf/systemlayer/pgfsys.code.tex
Package: pgfsys 2023-01-15 v3.1.10 (3.1.10)
 (/usr/share/texlive/texmf-dist/tex/generic/pgf/utilities/pgfkeys.code.tex
\pgfkeys@pathtoks=\toks51
\pgfkeys@temptoks=\toks52
 (/usr/share/texlive/texmf-dist/tex/generic/pgf/utilities/pgfkeyslibraryfiltered.code.tex
\pgfkeys@tmptoks=\toks53
))
\pgf@x=\dimen257
\pgf@y=\dimen258
\pgf@xa=\dimen259
\pgf@ya=\dimen260
\pgf@xb=\dimen261
\pgf@yb=\dimen262
\pgf@xc=\dimen263
\pgf@yc=\dimen264
\pgf@xd=\dimen265
\pgf@yd=\dimen266
\w@pgf@writea=\write3
\r@pgf@reada=\read2
\c@pgf@counta=\count316
\c@pgf@countb=\count317
\c@pgf@countc=\count318
\c@pgf@countd=\count319
\t@pgf@toka=\toks54
\t@pgf@tokb=\toks55
\t@pgf@tokc=\toks56
\pgf@sys@id@count=\count320
 (/usr/share/texlive/texmf-dist/tex/generic/pgf/systemlayer/pgf.cfg
File: pgf.cfg 2023-01-15 v3.1.10 (3.1.10)
)
Driver file for pgf: pgfsys-pdftex.def
 (/usr/share/texlive/texmf-dist/tex/generic/pgf/systemlayer/pgfsys-pdftex.def
File: pgfsys-pdftex.def 2023-01-15 v3.1.10 (3.1.10)
 (/usr/share/texlive/texmf-dist/tex/generic/pgf/systemlayer/pgfsys-common-pdf.def
File: pgfsys-common-pdf.def 2023-01-15 v3.1.10 (3.1.10)
))) (/usr/share/texlive/texmf-dist/tex/generic/pgf/systemlayer/pgfsyssoftpath.code.tex
File: pgfsyssoftpath.code.tex 2023-01-15 v3.1.10 (3.1.10)
\pgfsyssoftpath@smallbuffer@items=\count321
\pgfsyssoftpath@bigbuffer@items=\count322
) (/usr/share/texlive/texmf-dist/tex/generic/pgf/systemlayer/pgfsysprotocol.code.tex
File: pgfsysprotocol.code.tex 2023-01-15 v3.1.10 (3.1.10)
)) (/usr/share/texlive/texmf-dist/tex/latex/xcolor/xcolor.sty
Package: xcolor 2023/11/15 v3.01 LaTeX color extensions (UK)
 (/usr/share/texlive/texmf-dist/tex/latex/graphics-cfg/color.cfg
File: color.cfg 2016/01/02 v1.6 sample color configuration
)
Package xcolor Info: Driver file: pdftex.def on input line 274.
LaTeX Info: Redefining \color on input line 758.
 (/usr/share/texlive/texmf-dist/tex/latex/graphics/mathcolor.ltx)
Package xcolor Info: Model `cmy' substituted by `cmy0' on input line 1350.
Package xcolor Info: Model `hsb' substituted by `rgb' on input line 1354.
Package xcolor Info: Model `RGB' extended on input line 1366.
Package xcolor Info: Model `HTML' substituted by `rgb' on input line 1368.
Package xcolor Info: Model `Hsb' substituted by `hsb' on input line 1369.
Package xcolor Info: Model `tHsb' substituted by `hsb' on input line 1370.
Package xcolor Info: Model `HSB' substituted by `hsb' on input line 1371.
Package xcolor Info: Model `Gray' substituted by `gray' on input line 1372.
Package xcolor Info: Model `wave' substituted by `hsb' on input line 1373.
) (/usr/share/texlive/texmf-dist/tex/generic/pgf/basiclayer/pgfcore.code.tex
Package: pgfcore 2023-01-15 v3.1.10 (3.1.10)
 (/usr/share/texlive/texmf-dist/tex/generic/pgf/math/pgfmath.code.tex (/usr/share/texlive/texmf-dist/tex/generic/pgf/math/pgfmathutil.code.tex) (/usr/share/texlive/texmf-dist/tex/generic/pgf/math/pgfmathparser.code.tex
\pgfmath@dimen=\dimen267
\pgfmath@count=\count323
\pgfmath@box=\box72
\pgfmath@toks=\toks57
\pgfmath@stack@operand=\toks58
\pgfmath@stack@operation=\toks59
) (/usr/share/texlive/texmf-dist/tex/generic/pgf/math/pgfmathfunctions.code.tex) (/usr/share/texlive/texmf-dist/tex/generic/pgf/math/pgfmathfunctions.basic.code.tex) (/usr/share/texlive/texmf-dist/tex/generic/pgf/math/pgfmathfunctions.trigonometric.code.tex) (/usr/share/texlive/texmf-dist/tex/generic/pgf/math/pgfmathfunctions.random.code.tex) (/usr/share/texlive/texmf-dist/tex/generic/pgf/math/pgfmathfunctions.comparison.code.tex) (/usr/share/texlive/texmf-dist/tex/generic/pgf/math/pgfmathfunctions.base.code.tex) (/usr/share/texlive/texmf-dist/tex/generic/pgf/math/pgfmathfunctions.round.code.tex) (/usr/share/texlive/texmf-dist/tex/generic/pgf/math/pgfmathfunctions.misc.code.tex) (/usr/share/texlive/texmf-dist/tex/generic/pgf/math/pgfmathfunctions.integerarithmetics.code.tex) (/usr/share/texlive/texmf-dist/tex/generic/pgf/math/pgfmathcalc.code.tex) (/usr/share/texlive/texmf-dist/tex/generic/pgf/math/pgfmathfloat.code.tex
\c@pgfmathroundto@lastzeros=\count324
)) (/usr/share/texlive/texmf-dist/tex/generic/pgf/math/pgfint.code.tex) (/usr/share/texlive/texmf-dist/tex/generic/pgf/basiclayer/pgfcorepoints.code.tex
File: pgfcorepoints.code.tex 2023-01-15 v3.1.10 (3.1.10)
\pgf@picminx=\dimen268
\pgf@picmaxx=\dimen269
\pgf@picminy=\dimen270
\pgf@picmaxy=\dimen271
\pgf@pathminx=\dimen272
\pgf@pathmaxx=\dimen273
\pgf@pathminy=\dimen274
\pgf@pathmaxy=\dimen275
\pgf@xx=\dimen276
\pgf@xy=\dimen277
\pgf@yx=\dimen278
\pgf@yy=\dimen279
\pgf@zx=\dimen280
\pgf@zy=\dimen281
) (/usr/share/texlive/texmf-dist/tex/generic/pgf/basiclayer/pgfcorepathconstruct.code.tex
File: pgfcorepathconstruct.code.tex 2023-01-15 v3.1.10 (3.1.10)
\pgf@path@lastx=\dimen282
\pgf@path@lasty=\dimen283
) (/usr/share/texlive/texmf-dist/tex/generic/pgf/basiclayer/pgfcorepathusage.code.tex
File: pgfcorepathusage.code.tex 2023-01-15 v3.1.10 (3.1.10)
\pgf@shorten@end@additional=\dimen284
\pgf@shorten@start@additional=\dimen285
) (/usr/share/texlive/texmf-dist/tex/generic/pgf/basiclayer/pgfcorescopes.code.tex
File: pgfcorescopes.code.tex 2023-01-15 v3.1.10 (3.1.10)
\pgfpic=\box73
\pgf@hbox=\box74
\pgf@layerbox@main=\box75
\pgf@picture@serial@count=\count325
) (/usr/share/texlive/texmf-dist/tex/generic/pgf/basiclayer/pgfcoregraphicstate.code.tex
File: pgfcoregraphicstate.code.tex 2023-01-15 v3.1.10 (3.1.10)
\pgflinewidth=\dimen286
) (/usr/share/texlive/texmf-dist/tex/generic/pgf/basiclayer/pgfcoretransformations.code.tex
File: pgfcoretransformations.code.tex 2023-01-15 v3.1.10 (3.1.10)
\pgf@pt@x=\dimen287
\pgf@pt@y=\dimen288
\pgf@pt@temp=\dimen289
) (/usr/share/texlive/texmf-dist/tex/generic/pgf/basiclayer/pgfcorequick.code.tex
File: pgfcorequick.code.tex 2023-01-15 v3.1.10 (3.1.10)
) (/usr/share/texlive/texmf-dist/tex/generic/pgf/basiclayer/pgfcoreobjects.code.tex
File: pgfcoreobjects.code.tex 2023-01-15 v3.1.10 (3.1.10)
) (/usr/share/texlive/texmf-dist/tex/generic/pgf/basiclayer/pgfcorepathprocessing.code.tex
File: pgfcorepathprocessing.code.tex 2023-01-15 v3.1.10 (3.1.10)
) (/usr/share/texlive/texmf-dist/tex/generic/pgf/basiclayer/pgfcorearrows.code.tex
File: pgfcorearrows.code.tex 2023-01-15 v3.1.10 (3.1.10)
\pgfarrowsep=\dimen290
) (/usr/share/texlive/texmf-dist/tex/generic/pgf/basiclayer/pgfcoreshade.code.tex
File: pgfcoreshade.code.tex 2023-01-15 v3.1.10 (3.1.10)
\pgf@max=\dimen291
\pgf@sys@shading@range@num=\count326
\pgf@shadingcount=\count327
) (/usr/share/texlive/texmf-dist/tex/generic/pgf/basiclayer/pgfcoreimage.code.tex
File: pgfcoreimage.code.tex 2023-01-15 v3.1.10 (3.1.10)
) (/usr/share/texlive/texmf-dist/tex/generic/pgf/basiclayer/pgfcoreexternal.code.tex
File: pgfcoreexternal.code.tex 2023-01-15 v3.1.10 (3.1.10)
\pgfexternal@startupbox=\box76
) (/usr/share/texlive/texmf-dist/tex/generic/pgf/basiclayer/pgfcorelayers.code.tex
File: pgfcorelayers.code.tex 2023-01-15 v3.1.10 (3.1.10)
) (/usr/share/texlive/texmf-dist/tex/generic/pgf/basiclayer/pgfcoretransparency.code.tex
File: pgfcoretransparency.code.tex 2023-01-15 v3.1.10 (3.1.10)
) (/usr/share/texlive/texmf-dist/tex/generic/pgf/basiclayer/pgfcorepatterns.code.tex
File: pgfcorepatterns.code.tex 2023-01-15 v3.1.10 (3.1.10)
) (/usr/share/texlive/texmf-dist/tex/generic/pgf/basiclayer/pgfcorerdf.code.tex
File: pgfcorerdf.code.tex 2023-01-15 v3.1.10 (3.1.10)
))) (/usr/share/texlive/texmf-dist/tex/generic/pgf/modules/pgfmoduleshapes.code.tex
File: pgfmoduleshapes.code.tex 2023-01-15 v3.1.10 (3.1.10)
\pgfnodeparttextbox=\box77
) (/usr/share/texlive/texmf-dist/tex/generic/pgf/modules/pgfmoduleplot.code.tex
File: pgfmoduleplot.code.tex 2023-01-15 v3.1.10 (3.1.10)
) (/usr/share/texlive/texmf-dist/tex/latex/pgf/compatibility/pgfcomp-version-0-65.sty
Package: pgfcomp-version-0-65 2023-01-15 v3.1.10 (3.1.10)
\pgf@nodesepstart=\dimen292
\pgf@nodesepend=\dimen293
) (/usr/share/texlive/texmf-dist/tex/latex/pgf/compatibility/pgfcomp-version-1-18.sty
Package: pgfcomp-version-1-18 2023-01-15 v3.1.10 (3.1.10)
)) (/usr/share/texlive/texmf-dist/tex/latex/pgf/utilities/pgffor.sty (/usr/share/texlive/texmf-dist/tex/latex/pgf/utilities/pgfkeys.sty (/usr/share/texlive/texmf-dist/tex/generic/pgf/utilities/pgfkeys.code.tex)) (/usr/share/texlive/texmf-dist/tex/latex/pgf/math/pgfmath.sty (/usr/share/texlive/texmf-dist/tex/generic/pgf/math/pgfmath.code.tex)) (/usr/share/texlive/texmf-dist/tex/generic/pgf/utilities/pgffor.code.tex
Package: pgffor 2023-01-15 v3.1.10 (3.1.10)
\pgffor@iter=\dimen294
\pgffor@skip=\dimen295
\pgffor@stack=\toks60
\pgffor@toks=\toks61
)) (/usr/share/texlive/texmf-dist/tex/generic/pgf/frontendlayer/tikz/tikz.code.tex
Package: tikz 2023-01-15 v3.1.10 (3.1.10)
 (/usr/share/texlive/texmf-dist/tex/generic/pgf/libraries/pgflibraryplothandlers.code.tex
File: pgflibraryplothandlers.code.tex 2023-01-15 v3.1.10 (3.1.10)
\pgf@plot@mark@count=\count328
\pgfplotmarksize=\dimen296
)
\tikz@lastx=\dimen297
\tikz@lasty=\dimen298
\tikz@lastxsaved=\dimen299
\tikz@lastysaved=\dimen300
\tikz@lastmovetox=\dimen301
\tikz@lastmovetoy=\dimen302
\tikzleveldistance=\dimen303
\tikzsiblingdistance=\dimen304
\tikz@figbox=\box78
\tikz@figbox@bg=\box79
\tikz@tempbox=\box80
\tikz@tempbox@bg=\box81
\tikztreelevel=\count329
\tikznumberofchildren=\count330
\tikznumberofcurrentchild=\count331
\tikz@fig@count=\count332
 (/usr/share/texlive/texmf-dist/tex/generic/pgf/modules/pgfmodulematrix.code.tex
File: pgfmodulematrix.code.tex 2023-01-15 v3.1.10 (3.1.10)
\pgfmatrixcurrentrow=\count333
\pgfmatrixcurrentcolumn=\count334
\pgf@matrix@numberofcolumns=\count335
)
\tikz@expandcount=\count336
 (/usr/share/texlive/texmf-dist/tex/generic/pgf/frontendlayer/tikz/libraries/tikzlibrarytopaths.code.tex
File: tikzlibrarytopaths.code.tex 2023-01-15 v3.1.10 (3.1.10)
))) (/usr/share/texlive/texmf-dist/tex/generic/pgf/frontendlayer/tikz/libraries/tikzlibrarydecorations.pathreplacing.code.tex (/usr/share/texlive/texmf-dist/tex/generic/pgf/frontendlayer/tikz/libraries/tikzlibrarydecorations.code.tex (/usr/share/texlive/texmf-dist/tex/generic/pgf/modules/pgfmoduledecorations.code.tex
\pgfdecoratedcompleteddistance=\dimen305
\pgfdecoratedremainingdistance=\dimen306
\pgfdecoratedinputsegmentcompleteddistance=\dimen307
\pgfdecoratedinputsegmentremainingdistance=\dimen308
\pgf@decorate@distancetomove=\dimen309
\pgf@decorate@repeatstate=\count337
\pgfdecorationsegmentamplitude=\dimen310
\pgfdecorationsegmentlength=\dimen311
)
\tikz@lib@dec@box=\box82
) (/usr/share/texlive/texmf-dist/tex/generic/pgf/libraries/decorations/pgflibrarydecorations.pathreplacing.code.tex))
\c@theorem=\count338
\c@definitionA1*=\count339
\c@definitionA2*=\count340
\c@assumption=\count341
\c@proposition=\count342
\c@lemma=\count343
\c@corollary=\count344
\c@definition=\count345
 (/usr/share/texlive/texmf-dist/tex/latex/hyperref/hyperref.sty
Package: hyperref 2024-01-20 v7.01h Hypertext links for LaTeX
 (/usr/share/texlive/texmf-dist/tex/latex/kvsetkeys/kvsetkeys.sty
Package: kvsetkeys 2022-10-05 v1.19 Key value parser (HO)
) (/usr/share/texlive/texmf-dist/tex/generic/kvdefinekeys/kvdefinekeys.sty
Package: kvdefinekeys 2019-12-19 v1.6 Define keys (HO)
) (/usr/share/texlive/texmf-dist/tex/generic/pdfescape/pdfescape.sty
Package: pdfescape 2019/12/09 v1.15 Implements pdfTeX's escape features (HO)
) (/usr/share/texlive/texmf-dist/tex/latex/hycolor/hycolor.sty
Package: hycolor 2020-01-27 v1.10 Color options for hyperref/bookmark (HO)
) (/usr/share/texlive/texmf-dist/tex/latex/auxhook/auxhook.sty
Package: auxhook 2019-12-17 v1.6 Hooks for auxiliary files (HO)
) (/usr/share/texlive/texmf-dist/tex/latex/hyperref/nameref.sty
Package: nameref 2023-11-26 v2.56 Cross-referencing by name of section
 (/usr/share/texlive/texmf-dist/tex/latex/refcount/refcount.sty
Package: refcount 2019/12/15 v3.6 Data extraction from label references (HO)
) (/usr/share/texlive/texmf-dist/tex/generic/gettitlestring/gettitlestring.sty
Package: gettitlestring 2019/12/15 v1.6 Cleanup title references (HO)
 (/usr/share/texlive/texmf-dist/tex/latex/kvoptions/kvoptions.sty
Package: kvoptions 2022-06-15 v3.15 Key value format for package options (HO)
))
\c@section@level=\count346
)
\@linkdim=\dimen312
\Hy@linkcounter=\count347
\Hy@pagecounter=\count348
 (/usr/share/texlive/texmf-dist/tex/latex/hyperref/pd1enc.def
File: pd1enc.def 2024-01-20 v7.01h Hyperref: PDFDocEncoding definition (HO)
Now handling font encoding PD1 ...
... no UTF-8 mapping file for font encoding PD1
) (/usr/share/texlive/texmf-dist/tex/generic/intcalc/intcalc.sty
Package: intcalc 2019/12/15 v1.3 Expandable calculations with integers (HO)
)
\Hy@SavedSpaceFactor=\count349
 (/usr/share/texlive/texmf-dist/tex/latex/hyperref/puenc.def
File: puenc.def 2024-01-20 v7.01h Hyperref: PDF Unicode definition (HO)
Now handling font encoding PU ...
... no UTF-8 mapping file for font encoding PU
)
Package hyperref Info: Option `final' set `true' on input line 4062.
Package hyperref Info: Hyper figures OFF on input line 4179.
Package hyperref Info: Link nesting OFF on input line 4184.
Package hyperref Info: Hyper index ON on input line 4187.
Package hyperref Info: Plain pages OFF on input line 4194.
Package hyperref Info: Backreferencing OFF on input line 4199.
Package hyperref Info: Implicit mode ON; LaTeX internals redefined.
Package hyperref Info: Bookmarks ON on input line 4446.
\c@Hy@tempcnt=\count350
 (/usr/share/texlive/texmf-dist/tex/latex/url/url.sty
\Urlmuskip=\muskip17
Package: url 2013/09/16  ver 3.4  Verb mode for urls, etc.
)
LaTeX Info: Redefining \url on input line 4784.
\XeTeXLinkMargin=\dimen313
 (/usr/share/texlive/texmf-dist/tex/generic/bitset/bitset.sty
Package: bitset 2019/12/09 v1.3 Handle bit-vector datatype (HO)
 (/usr/share/texlive/texmf-dist/tex/generic/bigintcalc/bigintcalc.sty
Package: bigintcalc 2019/12/15 v1.5 Expandable calculations on big integers (HO)
))
\Fld@menulength=\count351
\Field@Width=\dimen314
\Fld@charsize=\dimen315
Package hyperref Info: Hyper figures OFF on input line 6063.
Package hyperref Info: Link nesting OFF on input line 6068.
Package hyperref Info: Hyper index ON on input line 6071.
Package hyperref Info: backreferencing OFF on input line 6078.
Package hyperref Info: Link coloring OFF on input line 6083.
Package hyperref Info: Link coloring with OCG OFF on input line 6088.
Package hyperref Info: PDF/A mode OFF on input line 6093.
 (/usr/share/texlive/texmf-dist/tex/latex/base/atbegshi-ltx.sty
Package: atbegshi-ltx 2021/01/10 v1.0c Emulation of the original atbegshi
package with kernel methods
)
\Hy@abspage=\count352
\c@Item=\count353
\c@Hfootnote=\count354
)
Package hyperref Info: Driver: hpdftex.
 (/usr/share/texlive/texmf-dist/tex/latex/hyperref/hpdftex.def
File: hpdftex.def 2024-01-20 v7.01h Hyperref driver for pdfTeX
 (/usr/share/texlive/texmf-dist/tex/latex/base/atveryend-ltx.sty
Package: atveryend-ltx 2020/08/19 v1.0a Emulation of the original atveryend package
with kernel methods
)
\Fld@listcount=\count355
\c@bookmark@seq@number=\count356
 (/usr/share/texlive/texmf-dist/tex/latex/rerunfilecheck/rerunfilecheck.sty
Package: rerunfilecheck 2022-07-10 v1.10 Rerun checks for auxiliary files (HO)
 (/usr/share/texlive/texmf-dist/tex/generic/uniquecounter/uniquecounter.sty
Package: uniquecounter 2019/12/15 v1.4 Provide unlimited unique counter (HO)
)
Package uniquecounter Info: New unique counter `rerunfilecheck' on input line 285.
)
\Hy@SectionHShift=\skip73
)
Package hyperref Info: Option `plainpages' set `false' on input line 190.
Package hyperref Info: Option `unicode' set `false' on input line 190.
Package hyperref Info: Option `pdftoolbar' set `true' on input line 190.
Package hyperref Info: Option `pdfmenubar' set `true' on input line 190.
Package hyperref Info: Option `pdffitwindow' set `false' on input line 190.
Package hyperref Info: Option `pdfnewwindow' set `true' on input line 190.
Package hyperref Info: Option `colorlinks' set `true' on input line 190.
 (/usr/share/texlive/texmf-dist/tex/latex/glossaries-extra/glossaries-extra.sty
Package: glossaries-extra 2023/09/29 v1.53 (NLCT)
 (/usr/share/texlive/texmf-dist/tex/latex/xkeyval/xkeyval.sty
Package: xkeyval 2022/06/16 v2.9 package option processing (HA)
 (/usr/share/texlive/texmf-dist/tex/generic/xkeyval/xkeyval.tex (/usr/share/texlive/texmf-dist/tex/generic/xkeyval/xkvutils.tex
\XKV@toks=\toks62
\XKV@tempa@toks=\toks63
)
\XKV@depth=\count357
File: xkeyval.tex 2014/12/03 v2.7a key=value parser (HA)
)) (/usr/share/texlive/texmf-dist/tex/latex/glossaries/base/glossaries.sty
Package: glossaries 2023/09/29 v4.53 (NLCT)
 (/usr/share/texlive/texmf-dist/tex/latex/mfirstuc/mfirstuc.sty
Package: mfirstuc 2022/10/14 v2.08 (NLCT)
\@glsmfirst=\toks64
\@glsmrest=\toks65
) (/usr/share/texlive/texmf-dist/tex/latex/xfor/xfor.sty
Package: xfor 2009/02/05 v1.05 (NLCT)
) (/usr/share/texlive/texmf-dist/tex/latex/datatool/datatool-base.sty
Package: datatool-base 2019/09/27 v2.32 (NLCT)
 (/usr/share/texlive/texmf-dist/tex/latex/substr/substr.sty
Package: substr 2009/10/20 v1.2 Handle substrings
\c@su@anzahl=\count358
) (/usr/share/texlive/texmf-dist/tex/latex/datatool/datatool-fp.sty
Package: datatool-fp 2019/09/27 v2.32 (NLCT)
 (/usr/share/texlive/texmf-dist/tex/latex/fp/fp.sty
Package: fp 1995/04/02
 `Fixed Point Package', Version 0.8, April 2, 1995 (C) Michael Mehlich (/usr/share/texlive/texmf-dist/tex/latex/fp/defpattern.sty
Package: defpattern 1994/10/12
\actioncount=\count359
) (/usr/share/texlive/texmf-dist/tex/latex/fp/fp-basic.sty
Package: fp-basic 1996/05/13
\FP@xs=\count360
\FP@xia=\count361
\FP@xib=\count362
\FP@xfa=\count363
\FP@xfb=\count364
\FP@rega=\count365
\FP@regb=\count366
\FP@regs=\count367
\FP@times=\count368
) (/usr/share/texlive/texmf-dist/tex/latex/fp/fp-addons.sty
Package: fp-addons 1995/03/15
) (/usr/share/texlive/texmf-dist/tex/latex/fp/fp-snap.sty
Package: fp-snap 1995/04/05
) (/usr/share/texlive/texmf-dist/tex/latex/fp/fp-exp.sty
Package: fp-exp 1995/04/03
) (/usr/share/texlive/texmf-dist/tex/latex/fp/fp-trigo.sty
Package: fp-trigo 1995/04/14
) (/usr/share/texlive/texmf-dist/tex/latex/fp/fp-pas.sty
Package: fp-pas 1994/08/29
) (/usr/share/texlive/texmf-dist/tex/latex/fp/fp-random.sty
Package: fp-random 1995/02/23
\FPseed=\count369
) (/usr/share/texlive/texmf-dist/tex/latex/fp/fp-eqn.sty
Package: fp-eqn 1995/04/03
) (/usr/share/texlive/texmf-dist/tex/latex/fp/fp-upn.sty
Package: fp-upn 1996/10/21
) (/usr/share/texlive/texmf-dist/tex/latex/fp/fp-eval.sty
Package: fp-eval 1995/04/03
)))
\@dtl@toks=\toks66
\@dtl@tmpcount=\count370
\dtl@tmplength=\skip74
\dtl@sortresult=\count371
\@dtl@numgrpsepcount=\count372
\@dtl@datatype=\count373
\dtl@codeA=\count374
\dtl@codeB=\count375
\@dtl@foreach@level=\count376
)
\gls@level=\count377
\@gls@tmpb=\toks67
\gls@tmplen=\skip75
\glskeylisttok=\toks68
\glslabeltok=\toks69
\glsshorttok=\toks70
\glslongtok=\toks71
 (/usr/share/texlive/texmf-dist/tex/latex/glossaries/styles/glossary-hypernav.sty
Package: glossary-hypernav 2023/09/29 v4.53 (NLCT)
) (/usr/share/texlive/texmf-dist/tex/latex/glossaries/styles/glossary-list.sty
Package: glossary-list 2023/09/29 v4.53 (NLCT)
\glslistdottedwidth=\skip76
) (/usr/share/texlive/texmf-dist/tex/latex/glossaries/styles/glossary-long.sty
Package: glossary-long 2023/09/29 v4.53 (NLCT)
 (/usr/share/texlive/texmf-dist/tex/latex/tools/longtable.sty
Package: longtable 2023-11-01 v4.19 Multi-page Table package (DPC)
\LTleft=\skip77
\LTright=\skip78
\LTpre=\skip79
\LTpost=\skip80
\LTchunksize=\count378
\LTcapwidth=\dimen316
\LT@head=\box83
\LT@firsthead=\box84
\LT@foot=\box85
\LT@lastfoot=\box86
\LT@gbox=\box87
\LT@cols=\count379
\LT@rows=\count380
\c@LT@tables=\count381
\c@LT@chunks=\count382
\LT@p@ftn=\toks72
)
\glsdescwidth=\skip81
\glspagelistwidth=\skip82
) (/usr/share/texlive/texmf-dist/tex/latex/glossaries/styles/glossary-super.sty
Package: glossary-super 2023/09/29 v4.53 (NLCT)
 (/usr/share/texlive/texmf-dist/tex/latex/supertabular/supertabular.sty
Package: supertabular 2020/02/02 v4.1g the supertabular environment
\c@tracingst=\count383
\ST@wd=\dimen317
\ST@rightskip=\skip83
\ST@leftskip=\skip84
\ST@parfillskip=\skip85
\ST@pageleft=\dimen318
\ST@headht=\dimen319
\ST@tailht=\dimen320
\ST@pagesofar=\dimen321
\ST@pboxht=\dimen322
\ST@lineht=\dimen323
\ST@prevht=\dimen324
\ST@toadd=\dimen325
\ST@dimen=\dimen326
\ST@pbox=\box88
)) (/usr/share/texlive/texmf-dist/tex/latex/glossaries/styles/glossary-tree.sty
Package: glossary-tree 2023/09/29 v4.53 (NLCT)
\glstreeindent=\skip86
))
\@glsxtr@leveloffset=\count384
\glsxtrresourcecount=\count385
\@glsxtrnewgls@inner=\count386
\glsshortpltok=\toks73
\glslongpltok=\toks74
 (/usr/share/texlive/texmf-dist/tex/latex/glossaries-extra/glossaries-extra-abbrstyles.def
File: glossaries-extra-abbrstyles.def 2023/06/28 v1.52 (NLCT)
)
\mglselementindex=\count387
)
runsystem(makeindex -s thesisDefense.ist -t thesisDefense.glg -o thesisDefense.gls thesisDefense.glo)...executed safely (allowed).

runsystem(makeindex -s thesisDefense.ist -t thesisDefense.glg-abr -o thesisDefense.gls-abr thesisDefense.glo-abr)...executed safely (allowed).

\glswrite=\write4
\glo@main@file=\write5
\openout5 = `thesisDefense.glo'.

Package glossaries Info: Writing glossary file thesisDefense.glo on input line 294.
\glo@abbreviations@file=\write6
\openout6 = `thesisDefense.glo-abr'.

Package glossaries Info: Writing glossary file thesisDefense.glo-abr on input line 294.
Package translations Info: No language package found. I am going to use `english' as default language. on input line 298.
 (./thesisDefense.aux)
\openout1 = `thesisDefense.aux'.

LaTeX Font Info:    Checking defaults for OML/cmm/m/it on input line 298.
LaTeX Font Info:    ... okay on input line 298.
LaTeX Font Info:    Checking defaults for OMS/cmsy/m/n on input line 298.
LaTeX Font Info:    ... okay on input line 298.
LaTeX Font Info:    Checking defaults for OT1/cmr/m/n on input line 298.
LaTeX Font Info:    ... okay on input line 298.
LaTeX Font Info:    Checking defaults for T1/cmr/m/n on input line 298.
LaTeX Font Info:    ... okay on input line 298.
LaTeX Font Info:    Checking defaults for TS1/cmr/m/n on input line 298.
LaTeX Font Info:    ... okay on input line 298.
LaTeX Font Info:    Checking defaults for OMX/cmex/m/n on input line 298.
LaTeX Font Info:    ... okay on input line 298.
LaTeX Font Info:    Checking defaults for U/cmr/m/n on input line 298.
LaTeX Font Info:    ... okay on input line 298.
LaTeX Font Info:    Checking defaults for PD1/pdf/m/n on input line 298.
LaTeX Font Info:    ... okay on input line 298.
LaTeX Font Info:    Checking defaults for PU/pdf/m/n on input line 298.
LaTeX Font Info:    ... okay on input line 298.
 (/usr/share/texlive/texmf-dist/tex/context/base/mkii/supp-pdf.mkii
[Loading MPS to PDF converter (version 2006.09.02).]
\scratchcounter=\count388
\scratchdimen=\dimen327
\scratchbox=\box89
\nofMPsegments=\count389
\nofMParguments=\count390
\everyMPshowfont=\toks75
\MPscratchCnt=\count391
\MPscratchDim=\dimen328
\MPnumerator=\count392
\makeMPintoPDFobject=\count393
\everyMPtoPDFconversion=\toks76
) (/usr/share/texlive/texmf-dist/tex/latex/epstopdf-pkg/epstopdf-base.sty
Package: epstopdf-base 2020-01-24 v2.11 Base part for package epstopdf
Package epstopdf-base Info: Redefining graphics rule for `.eps' on input line 485.
 (/usr/share/texlive/texmf-dist/tex/latex/latexconfig/epstopdf-sys.cfg
File: epstopdf-sys.cfg 2010/07/13 v1.3 Configuration of (r)epstopdf for TeX Live
))
Package caption Info: Begin \AtBeginDocument code.
Package caption Info: hyperref package is loaded.
Package caption Info: longtable package is loaded.
 (/usr/share/texlive/texmf-dist/tex/latex/caption/ltcaption.sty
Package: ltcaption 2021/01/08 v1.4c longtable captions (AR)
)
Package caption Info: supertabular package is loaded.
Package caption Info: End \AtBeginDocument code.
 (/usr/share/texlive/texmf-dist/tex/latex/translations/translations-basic-dictionary-english.trsl
File: translations-basic-dictionary-english.trsl (english translation file `translations-basic-dictionary')
)
Package translations Info: loading dictionary `translations-basic-dictionary' for `english'. on input line 298.
Package hyperref Info: Link coloring ON on input line 298.
 (./thesisDefense.out) (./thesisDefense.out)
\@outlinefile=\write7
\openout7 = `thesisDefense.out'.

 (./uw-ethesis-frontpgs.tex [1

\openout4 = `thesisDefense.ist'.



{/var/lib/texmf/fonts/map/pdftex/updmap/pdftex.map}] [2


] [3


] [4


] [5


] (./thesisDefense.toc
LaTeX Font Info:    Trying to load font information for U+msa on input line 5.
 (/usr/share/texlive/texmf-dist/tex/latex/amsfonts/umsa.fd
File: umsa.fd 2013/01/14 v3.01 AMS symbols A
)
LaTeX Font Info:    Trying to load font information for U+msb on input line 5.
 (/usr/share/texlive/texmf-dist/tex/latex/amsfonts/umsb.fd
File: umsb.fd 2013/01/14 v3.01 AMS symbols B
) [6




] [7] [8])
\tf@toc=\write8
\openout8 = `thesisDefense.toc'.

 [9] (./thesisDefense.lof [10




] [11])
\tf@lof=\write9
\openout9 = `thesisDefense.lof'.

 [12] (./thesisDefense.lot)
\tf@lot=\write10
\openout10 = `thesisDefense.lot'.

 [13




] (./thesisDefense.gls-abr [14






] [15]) [16]) (./introduction.tex
Chapter 1.
[1




] [2] [3] [4] [5] [6] [7]
<./project3/tikz/fnn.pdf, id=1314, 310.52211pt x 276.96675pt>
File: ./project3/tikz/fnn.pdf Graphic file (type pdf)
<use ./project3/tikz/fnn.pdf>
Package pdftex.def Info: ./project3/tikz/fnn.pdf  used on input line 192.
(pdftex.def)             Requested size: 207.32315pt x 184.92015pt.
<./project3/tikz/lstm.pdf, id=1317, 276.82422pt x 233.0075pt>
File: ./project3/tikz/lstm.pdf Graphic file (type pdf)
<use ./project3/tikz/lstm.pdf>
Package pdftex.def Info: ./project3/tikz/lstm.pdf  used on input line 198.
(pdftex.def)             Requested size: 207.32315pt x 174.51343pt.
 [8] [9 <./project3/tikz/fnn.pdf> <./project3/tikz/lstm.pdf>] [10] [11] [12] [13]
<./project2/figures/datasets.png, id=1494, 867.24pt x 289.08pt>
File: ./project2/figures/datasets.png Graphic file (type png)
<use ./project2/figures/datasets.png>
Package pdftex.def Info: ./project2/figures/datasets.png  used on input line 340.
(pdftex.def)             Requested size: 368.57838pt x 122.85957pt.
) [14 <./project2/figures/datasets.png>] (./project1/nsSurvey.tex [15]
Chapter 2.
[16


] [17]
Package hyperref Info: bookmark level for unknown definition defaults to 0 on input line 66.
 [18] [19] [20] [21] [22]
Overfull \hbox (4.34338pt too wide) in paragraph at lines 254--257
\OT1/cmr/m/n/12 et al.[][] ([][]2015[][]), the con-ver-gence anal-y-sis is per-formed on the ex-pec-ta-tion (Equa-tion [])
 []

[23] [24] [25] [26] [27]
Package hyperref Info: bookmark level for unknown assumption defaults to 0 on input line 399.
 [28] [29] [30] [31] [32] [33]
Package hyperref Info: bookmark level for unknown theorem defaults to 0 on input line 550.
 [34] [35] [36] [37]
Package hyperref Info: bookmark level for unknown lemma defaults to 0 on input line 660.
 [38] [39] [40] [41] [42] [43] [44]
<./project1/figures/figure1.png, id=2021, 578.16pt x 325.215pt>
File: ./project1/figures/figure1.png Graphic file (type png)
<use ./project1/figures/figure1.png>
Package pdftex.def Info: ./project1/figures/figure1.png  used on input line 876.
(pdftex.def)             Requested size: 322.50345pt x 181.40457pt.
 [45] [46 <./project1/figures/figure1.png>]
<./project1/figures/figure2a.png, id=2045, 578.16pt x 325.215pt>
File: ./project1/figures/figure2a.png Graphic file (type png)
<use ./project1/figures/figure2a.png>
Package pdftex.def Info: ./project1/figures/figure2a.png  used on input line 906.
(pdftex.def)             Requested size: 221.14421pt x 124.39185pt.
<./project1/figures/figure2b.png, id=2046, 578.16pt x 325.215pt>
File: ./project1/figures/figure2b.png Graphic file (type png)
<use ./project1/figures/figure2b.png>
Package pdftex.def Info: ./project1/figures/figure2b.png  used on input line 907.
(pdftex.def)             Requested size: 221.14421pt x 124.39185pt.
 [47 <./project1/figures/figure2a.png> <./project1/figures/figure2b.png>]
<./project1/figures/figure4a.png, id=2057, 578.16pt x 325.215pt>
File: ./project1/figures/figure4a.png Graphic file (type png)
<use ./project1/figures/figure4a.png>
Package pdftex.def Info: ./project1/figures/figure4a.png  used on input line 932.
(pdftex.def)             Requested size: 221.14421pt x 124.39185pt.
<./project1/figures/figure4b.png, id=2058, 578.16pt x 325.215pt>
File: ./project1/figures/figure4b.png Graphic file (type png)
<use ./project1/figures/figure4b.png>
Package pdftex.def Info: ./project1/figures/figure4b.png  used on input line 933.
(pdftex.def)             Requested size: 221.14421pt x 124.39185pt.
 [48 <./project1/figures/figure4a.png> <./project1/figures/figure4b.png>]
<./project1/figures/figure5a.png, id=2068, 578.16pt x 325.215pt>
File: ./project1/figures/figure5a.png Graphic file (type png)
<use ./project1/figures/figure5a.png>
Package pdftex.def Info: ./project1/figures/figure5a.png  used on input line 956.
(pdftex.def)             Requested size: 221.14421pt x 124.39185pt.
<./project1/figures/figure5b.png, id=2069, 578.16pt x 325.215pt>
File: ./project1/figures/figure5b.png Graphic file (type png)
<use ./project1/figures/figure5b.png>
Package pdftex.def Info: ./project1/figures/figure5b.png  used on input line 957.
(pdftex.def)             Requested size: 221.14421pt x 124.39185pt.
 [49 <./project1/figures/figure5a.png> <./project1/figures/figure5b.png>]
<./project1/figures/figure3.png, id=2081, 578.16pt x 325.215pt>
File: ./project1/figures/figure3.png Graphic file (type png)
<use ./project1/figures/figure3.png>
Package pdftex.def Info: ./project1/figures/figure3.png  used on input line 984.
(pdftex.def)             Requested size: 322.50345pt x 181.40457pt.
 [50] [51 <./project1/figures/figure3.png>]
<./project1/figures/figure13a.png, id=2099, 578.16pt x 325.215pt>
File: ./project1/figures/figure13a.png Graphic file (type png)
<use ./project1/figures/figure13a.png>
Package pdftex.def Info: ./project1/figures/figure13a.png  used on input line 1020.
(pdftex.def)             Requested size: 221.14421pt x 124.39185pt.
<./project1/figures/figure13b.png, id=2100, 578.16pt x 325.215pt>
File: ./project1/figures/figure13b.png Graphic file (type png)
<use ./project1/figures/figure13b.png>
Package pdftex.def Info: ./project1/figures/figure13b.png  used on input line 1021.
(pdftex.def)             Requested size: 221.14421pt x 124.39185pt.
 [52 <./project1/figures/figure13a.png> <./project1/figures/figure13b.png>]
<./project1/figures/figure6a.png, id=2109, 578.16pt x 325.215pt>
File: ./project1/figures/figure6a.png Graphic file (type png)
<use ./project1/figures/figure6a.png>
Package pdftex.def Info: ./project1/figures/figure6a.png  used on input line 1036.
(pdftex.def)             Requested size: 221.14421pt x 124.39185pt.
<./project1/figures/figure6b.png, id=2110, 578.16pt x 325.215pt>
File: ./project1/figures/figure6b.png Graphic file (type png)
<use ./project1/figures/figure6b.png>
Package pdftex.def Info: ./project1/figures/figure6b.png  used on input line 1037.
(pdftex.def)             Requested size: 221.14421pt x 124.39185pt.
<./project1/figures/figure7a.png, id=2115, 578.16pt x 325.215pt>
File: ./project1/figures/figure7a.png Graphic file (type png)
<use ./project1/figures/figure7a.png>
Package pdftex.def Info: ./project1/figures/figure7a.png  used on input line 1049.
(pdftex.def)             Requested size: 221.14421pt x 124.39185pt.
<./project1/figures/figure7b.png, id=2116, 578.16pt x 325.215pt>
File: ./project1/figures/figure7b.png Graphic file (type png)
<use ./project1/figures/figure7b.png>
Package pdftex.def Info: ./project1/figures/figure7b.png  used on input line 1050.
(pdftex.def)             Requested size: 221.14421pt x 124.39185pt.
<./project1/figures/figure8a.png, id=2123, 578.16pt x 325.215pt>
File: ./project1/figures/figure8a.png Graphic file (type png)
<use ./project1/figures/figure8a.png>
Package pdftex.def Info: ./project1/figures/figure8a.png  used on input line 1064.
(pdftex.def)             Requested size: 221.14421pt x 124.39185pt.
<./project1/figures/figure8b.png, id=2124, 578.16pt x 325.215pt>
File: ./project1/figures/figure8b.png Graphic file (type png)
<use ./project1/figures/figure8b.png>
Package pdftex.def Info: ./project1/figures/figure8b.png  used on input line 1065.
(pdftex.def)             Requested size: 221.14421pt x 124.39185pt.
 [53 <./project1/figures/figure6a.png> <./project1/figures/figure6b.png>] [54 <./project1/figures/figure7a.png> <./project1/figures/figure7b.png> <./project1/figures/figure8a.png> <./project1/figures/figure8b.png>]
<./project1/figures/figure9a.png, id=2145, 578.16pt x 325.215pt>
File: ./project1/figures/figure9a.png Graphic file (type png)
<use ./project1/figures/figure9a.png>
Package pdftex.def Info: ./project1/figures/figure9a.png  used on input line 1086.
(pdftex.def)             Requested size: 221.14421pt x 124.39185pt.
<./project1/figures/figure9b.png, id=2146, 578.16pt x 325.215pt>
File: ./project1/figures/figure9b.png Graphic file (type png)
<use ./project1/figures/figure9b.png>
Package pdftex.def Info: ./project1/figures/figure9b.png  used on input line 1087.
(pdftex.def)             Requested size: 221.14421pt x 124.39185pt.
 [55 <./project1/figures/figure9a.png> <./project1/figures/figure9b.png>]
<./project1/figures/figure10a.png, id=2161, 578.16pt x 325.215pt>
File: ./project1/figures/figure10a.png Graphic file (type png)
<use ./project1/figures/figure10a.png>
Package pdftex.def Info: ./project1/figures/figure10a.png  used on input line 1111.
(pdftex.def)             Requested size: 221.14421pt x 124.39185pt.
<./project1/figures/figure10b.png, id=2162, 578.16pt x 325.215pt>
File: ./project1/figures/figure10b.png Graphic file (type png)
<use ./project1/figures/figure10b.png>
Package pdftex.def Info: ./project1/figures/figure10b.png  used on input line 1112.
(pdftex.def)             Requested size: 221.14421pt x 124.39185pt.
 [56 <./project1/figures/figure10a.png> <./project1/figures/figure10b.png>] [57] [58] [59]
<./project1/figures/figure11a.png, id=2236, 578.16pt x 325.215pt>
File: ./project1/figures/figure11a.png Graphic file (type png)
<use ./project1/figures/figure11a.png>
Package pdftex.def Info: ./project1/figures/figure11a.png  used on input line 1232.
(pdftex.def)             Requested size: 221.14421pt x 124.39185pt.
<./project1/figures/figure11b.png, id=2237, 578.16pt x 325.215pt>
File: ./project1/figures/figure11b.png Graphic file (type png)
<use ./project1/figures/figure11b.png>
Package pdftex.def Info: ./project1/figures/figure11b.png  used on input line 1233.
(pdftex.def)             Requested size: 221.14421pt x 124.39185pt.
 [60 <./project1/figures/figure11a.png> <./project1/figures/figure11b.png>]
<./project1/figures/figure12a.png, id=2248, 578.16pt x 325.215pt>
File: ./project1/figures/figure12a.png Graphic file (type png)
<use ./project1/figures/figure12a.png>
Package pdftex.def Info: ./project1/figures/figure12a.png  used on input line 1254.
(pdftex.def)             Requested size: 221.14421pt x 124.39185pt.
<./project1/figures/figure12b.png, id=2249, 578.16pt x 325.215pt>
File: ./project1/figures/figure12b.png Graphic file (type png)
<use ./project1/figures/figure12b.png>
Package pdftex.def Info: ./project1/figures/figure12b.png  used on input line 1255.
(pdftex.def)             Requested size: 221.14421pt x 124.39185pt.
 [61 <./project1/figures/figure12a.png> <./project1/figures/figure12b.png>]) (./project2/nnMetamodels.tex [62] [63]
Chapter 3.
[64


] [65] [66] [67] [68] [69] [70] [71] [72
pdfTeX warning (ext4): destination with the same identifier (name{equation.3.2.4}) has been already used, duplicate ignored
<argument> ...shipout:D \box_use:N \l_shipout_box 
                                                  \__shipout_drop_firstpage_...
l.234 \end{equation}
                    ]
<./project2/figures/sns.pdf, id=2543, 481.51494pt x 207.27136pt>
File: ./project2/figures/sns.pdf Graphic file (type pdf)
<use ./project2/figures/sns.pdf>
Package pdftex.def Info: ./project2/figures/sns.pdf  used on input line 246.
(pdftex.def)             Requested size: 391.61586pt x 168.57834pt.
 [73 <./project2/figures/sns.pdf>] [74] [75]
Package hyperref Info: bookmark level for unknown algorithm defaults to 0 on input line 308.
 [76] [77] [78] [79] [80] [81] [82] [83] [84] [85]
<./project2/figures/2a_QQ_good_training.png, id=2862, 578.16pt x 433.62pt>
File: ./project2/figures/2a_QQ_good_training.png Graphic file (type png)
<use ./project2/figures/2a_QQ_good_training.png>
Package pdftex.def Info: ./project2/figures/2a_QQ_good_training.png  used on input line 615.
(pdftex.def)             Requested size: 221.14421pt x 165.8558pt.
<./project2/figures/2b_QQ_bad_training.png, id=2863, 578.16pt x 433.62pt>
File: ./project2/figures/2b_QQ_bad_training.png Graphic file (type png)
<use ./project2/figures/2b_QQ_bad_training.png>
Package pdftex.def Info: ./project2/figures/2b_QQ_bad_training.png  used on input line 619.
(pdftex.def)             Requested size: 221.14421pt x 165.8558pt.
 [86 <./project2/figures/2a_QQ_good_training.png> <./project2/figures/2b_QQ_bad_training.png>]
<./project2/figures/qqPlots/mlrLN.png, id=2875, 462.528pt x 346.896pt>
File: ./project2/figures/qqPlots/mlrLN.png Graphic file (type png)
<use ./project2/figures/qqPlots/mlrLN.png>
Package pdftex.def Info: ./project2/figures/qqPlots/mlrLN.png  used on input line 642.
(pdftex.def)             Requested size: 221.14421pt x 165.85712pt.
<./project2/figures/qqPlots/qprLN.png, id=2876, 462.528pt x 346.896pt>
File: ./project2/figures/qqPlots/qprLN.png Graphic file (type png)
<use ./project2/figures/qqPlots/qprLN.png>
Package pdftex.def Info: ./project2/figures/qqPlots/qprLN.png  used on input line 646.
(pdftex.def)             Requested size: 221.14421pt x 165.85712pt.
 [87 <./project2/figures/qqPlots/mlrLN.png> <./project2/figures/qqPlots/qprLN.png>]
<./project2/figures/qqPlots/fnnLN.png, id=2891, 462.528pt x 346.896pt>
File: ./project2/figures/qqPlots/fnnLN.png Graphic file (type png)
<use ./project2/figures/qqPlots/fnnLN.png>
Package pdftex.def Info: ./project2/figures/qqPlots/fnnLN.png  used on input line 668.
(pdftex.def)             Requested size: 221.14421pt x 165.85712pt.
<./project2/figures/qqPlots/lstmLoCapLN.png, id=2892, 462.528pt x 346.896pt>
File: ./project2/figures/qqPlots/lstmLoCapLN.png Graphic file (type png)
<use ./project2/figures/qqPlots/lstmLoCapLN.png>
Package pdftex.def Info: ./project2/figures/qqPlots/lstmLoCapLN.png  used on input line 672.
(pdftex.def)             Requested size: 221.14421pt x 165.85712pt.
 [88 <./project2/figures/qqPlots/fnnLN.png> <./project2/figures/qqPlots/lstmLoCapLN.png>]
<./project2/figures/tailMatches/regLN.png, id=2914, 462.528pt x 346.896pt>
File: ./project2/figures/tailMatches/regLN.png Graphic file (type png)
<use ./project2/figures/tailMatches/regLN.png>
Package pdftex.def Info: ./project2/figures/tailMatches/regLN.png  used on input line 717.
(pdftex.def)             Requested size: 221.14421pt x 165.85712pt.
<./project2/figures/tailMatches/nnLN.png, id=2915, 462.528pt x 346.896pt>
File: ./project2/figures/tailMatches/nnLN.png Graphic file (type png)
<use ./project2/figures/tailMatches/nnLN.png>
Package pdftex.def Info: ./project2/figures/tailMatches/nnLN.png  used on input line 721.
(pdftex.def)             Requested size: 221.14421pt x 165.85712pt.
 [89] [90 <./project2/figures/tailMatches/regLN.png> <./project2/figures/tailMatches/nnLN.png>]
<./project2/figures/CVaR/allLN.png, id=2945, 462.528pt x 346.896pt>
File: ./project2/figures/CVaR/allLN.png Graphic file (type png)
<use ./project2/figures/CVaR/allLN.png>
Package pdftex.def Info: ./project2/figures/CVaR/allLN.png  used on input line 748.
(pdftex.def)             Requested size: 221.14421pt x 165.85712pt.
<./project2/figures/CVaR/zoomedLN.png, id=2946, 462.528pt x 346.896pt>
File: ./project2/figures/CVaR/zoomedLN.png Graphic file (type png)
<use ./project2/figures/CVaR/zoomedLN.png>
Package pdftex.def Info: ./project2/figures/CVaR/zoomedLN.png  used on input line 753.
(pdftex.def)             Requested size: 221.14421pt x 165.85712pt.
 [91 <./project2/figures/CVaR/allLN.png> <./project2/figures/CVaR/zoomedLN.png>] [92] [93]
<./project2/figures/qqPlots/lstmAll.png, id=3007, 867.24pt x 578.16pt>
File: ./project2/figures/qqPlots/lstmAll.png Graphic file (type png)
<use ./project2/figures/qqPlots/lstmAll.png>
Package pdftex.def Info: ./project2/figures/qqPlots/lstmAll.png  used on input line 845.
(pdftex.def)             Requested size: 460.72124pt x 307.14674pt.
 [94] [95 <./project2/figures/qqPlots/lstmAll.png>] [96]
<./project2/figures/cor_heatmap.png, id=3061, 578.16pt x 433.62pt>
File: ./project2/figures/cor_heatmap.png Graphic file (type png)
<use ./project2/figures/cor_heatmap.png>
Package pdftex.def Info: ./project2/figures/cor_heatmap.png  used on input line 949.
(pdftex.def)             Requested size: 276.43555pt x 207.3214pt.
 [97 <./project2/figures/cor_heatmap.png>]
<./project2/figures/singleStage/CVaRmediumNoise.png, id=3078, 578.16pt x 433.62pt>
File: ./project2/figures/singleStage/CVaRmediumNoise.png Graphic file (type png)
<use ./project2/figures/singleStage/CVaRmediumNoise.png>
Package pdftex.def Info: ./project2/figures/singleStage/CVaRmediumNoise.png  used on input line 971.
(pdftex.def)             Requested size: 221.14421pt x 165.8558pt.
<./project2/figures/singleStage/CVaRhighNoise.png, id=3079, 578.16pt x 433.62pt>
File: ./project2/figures/singleStage/CVaRhighNoise.png Graphic file (type png)
<use ./project2/figures/singleStage/CVaRhighNoise.png>
Package pdftex.def Info: ./project2/figures/singleStage/CVaRhighNoise.png  used on input line 975.
(pdftex.def)             Requested size: 221.14421pt x 165.8558pt.
 [98 <./project2/figures/singleStage/CVaRmediumNoise.png> <./project2/figures/singleStage/CVaRhighNoise.png>]
<./project2/figures/singleStage/MSEConvergence_lstmLoCap.png, id=3105, 462.528pt x 346.896pt>
File: ./project2/figures/singleStage/MSEConvergence_lstmLoCap.png Graphic file (type png)
<use ./project2/figures/singleStage/MSEConvergence_lstmLoCap.png>
Package pdftex.def Info: ./project2/figures/singleStage/MSEConvergence_lstmLoCap.png  used on input line 1010.
(pdftex.def)             Requested size: 221.14421pt x 165.85712pt.
<./project2/figures/singleStage/MSEConvergence_lstmHiCap.png, id=3106, 462.528pt x 346.896pt>
File: ./project2/figures/singleStage/MSEConvergence_lstmHiCap.png Graphic file (type png)
<use ./project2/figures/singleStage/MSEConvergence_lstmHiCap.png>
Package pdftex.def Info: ./project2/figures/singleStage/MSEConvergence_lstmHiCap.png  used on input line 1015.
(pdftex.def)             Requested size: 221.14421pt x 165.85712pt.
 [99]
<./project2/figures/singleStage/MSEConvergence_lstmLoCap_MN.png, id=3121, 867.24pt x 361.35pt>
File: ./project2/figures/singleStage/MSEConvergence_lstmLoCap_MN.png Graphic file (type png)
<use ./project2/figures/singleStage/MSEConvergence_lstmLoCap_MN.png>
Package pdftex.def Info: ./project2/figures/singleStage/MSEConvergence_lstmLoCap_MN.png  used on input line 1033.
(pdftex.def)             Requested size: 460.72124pt x 191.96672pt.
 [100 <./project2/figures/singleStage/MSEConvergence_lstmLoCap.png> <./project2/figures/singleStage/MSEConvergence_lstmHiCap.png>] [101 <./project2/figures/singleStage/MSEConvergence_lstmLoCap_MN.png>] [102]) (./project3/draft.tex [103]
Chapter 4.
[104


] [105] [106] [107] [108] [109] [110] [111] [112] [113] [114] [115] [116]
<./project3/figures/figure1a.png, id=3535, 578.16pt x 433.62pt>
File: ./project3/figures/figure1a.png Graphic file (type png)
<use ./project3/figures/figure1a.png>
Package pdftex.def Info: ./project3/figures/figure1a.png  used on input line 376.
(pdftex.def)             Requested size: 221.14421pt x 165.8558pt.
<./project3/figures/figure1b.png, id=3536, 578.16pt x 433.62pt>
File: ./project3/figures/figure1b.png Graphic file (type png)
<use ./project3/figures/figure1b.png>
Package pdftex.def Info: ./project3/figures/figure1b.png  used on input line 381.
(pdftex.def)             Requested size: 221.14421pt x 165.8558pt.
<./project3/figures/figure1c.png, id=3537, 578.16pt x 433.62pt>
File: ./project3/figures/figure1c.png Graphic file (type png)
<use ./project3/figures/figure1c.png>
Package pdftex.def Info: ./project3/figures/figure1c.png  used on input line 386.
(pdftex.def)             Requested size: 221.14421pt x 165.8558pt.
<./project3/figures/figure1d.png, id=3538, 578.16pt x 433.62pt>
File: ./project3/figures/figure1d.png Graphic file (type png)
<use ./project3/figures/figure1d.png>
Package pdftex.def Info: ./project3/figures/figure1d.png  used on input line 391.
(pdftex.def)             Requested size: 221.14421pt x 165.8558pt.
 [117] [118 <./project3/figures/figure1a.png> <./project3/figures/figure1b.png> <./project3/figures/figure1c.png> <./project3/figures/figure1d.png>]
<./project3/figures/figure2a.png, id=3579, 578.16pt x 433.62pt>
File: ./project3/figures/figure2a.png Graphic file (type png)
<use ./project3/figures/figure2a.png>
Package pdftex.def Info: ./project3/figures/figure2a.png  used on input line 430.
(pdftex.def)             Requested size: 221.14421pt x 165.8558pt.
<./project3/figures/figure2b.png, id=3580, 578.16pt x 433.62pt>
File: ./project3/figures/figure2b.png Graphic file (type png)
<use ./project3/figures/figure2b.png>
Package pdftex.def Info: ./project3/figures/figure2b.png  used on input line 435.
(pdftex.def)             Requested size: 221.14421pt x 165.8558pt.
 [119 <./project3/figures/figure2a.png> <./project3/figures/figure2b.png>]
<./project3/figures/figure3a.png, id=3596, 578.16pt x 433.62pt>
File: ./project3/figures/figure3a.png Graphic file (type png)
<use ./project3/figures/figure3a.png>
Package pdftex.def Info: ./project3/figures/figure3a.png  used on input line 464.
(pdftex.def)             Requested size: 221.14421pt x 165.8558pt.
<./project3/figures/figure3b.png, id=3597, 578.16pt x 433.62pt>
File: ./project3/figures/figure3b.png Graphic file (type png)
<use ./project3/figures/figure3b.png>
Package pdftex.def Info: ./project3/figures/figure3b.png  used on input line 469.
(pdftex.def)             Requested size: 221.14421pt x 165.8558pt.
 [120 <./project3/figures/figure3a.png> <./project3/figures/figure3b.png>] [121]
<./project3/figures/figure4a.png, id=3642, 578.16pt x 433.62pt>
File: ./project3/figures/figure4a.png Graphic file (type png)
<use ./project3/figures/figure4a.png>
Package pdftex.def Info: ./project3/figures/figure4a.png  used on input line 529.
(pdftex.def)             Requested size: 221.14421pt x 165.8558pt.
<./project3/figures/figure4b.png, id=3643, 578.16pt x 433.62pt>
File: ./project3/figures/figure4b.png Graphic file (type png)
<use ./project3/figures/figure4b.png>
Package pdftex.def Info: ./project3/figures/figure4b.png  used on input line 534.
(pdftex.def)             Requested size: 221.14421pt x 165.8558pt.
<./project3/figures/figure4c.png, id=3644, 578.16pt x 433.62pt>
File: ./project3/figures/figure4c.png Graphic file (type png)
<use ./project3/figures/figure4c.png>
Package pdftex.def Info: ./project3/figures/figure4c.png  used on input line 539.
(pdftex.def)             Requested size: 221.14421pt x 165.8558pt.
<./project3/figures/figure4d.png, id=3645, 578.16pt x 433.62pt>
File: ./project3/figures/figure4d.png Graphic file (type png)
<use ./project3/figures/figure4d.png>
Package pdftex.def Info: ./project3/figures/figure4d.png  used on input line 544.
(pdftex.def)             Requested size: 221.14421pt x 165.8558pt.
 [122 <./project3/figures/figure4a.png> <./project3/figures/figure4b.png> <./project3/figures/figure4c.png> <./project3/figures/figure4d.png>] [123]
<./project3/figures/figure4_1.png, id=3692, 578.16pt x 433.62pt>
File: ./project3/figures/figure4_1.png Graphic file (type png)
<use ./project3/figures/figure4_1.png>
Package pdftex.def Info: ./project3/figures/figure4_1.png  used on input line 603.
(pdftex.def)             Requested size: 221.14421pt x 165.8558pt.
<./project3/figures/figure4_2.png, id=3693, 578.16pt x 433.62pt>
File: ./project3/figures/figure4_2.png Graphic file (type png)
<use ./project3/figures/figure4_2.png>
Package pdftex.def Info: ./project3/figures/figure4_2.png  used on input line 608.
(pdftex.def)             Requested size: 221.14421pt x 165.8558pt.
 [124 <./project3/figures/figure4_1.png> <./project3/figures/figure4_2.png>]
<./project3/tikz/mtl.pdf, id=3724, 630.61696pt x 94.3776pt>
File: ./project3/tikz/mtl.pdf Graphic file (type pdf)
<use ./project3/tikz/mtl.pdf>
Package pdftex.def Info: ./project3/tikz/mtl.pdf  used on input line 638.
(pdftex.def)             Requested size: 460.72124pt x 68.95265pt.
<./project3/figures/figure5a.png, id=3730, 578.16pt x 433.62pt>
File: ./project3/figures/figure5a.png Graphic file (type png)
<use ./project3/figures/figure5a.png>
Package pdftex.def Info: ./project3/figures/figure5a.png  used on input line 652.
(pdftex.def)             Requested size: 221.14421pt x 165.8558pt.
<./project3/figures/figure5b.png, id=3731, 578.16pt x 433.62pt>
File: ./project3/figures/figure5b.png Graphic file (type png)
<use ./project3/figures/figure5b.png>
Package pdftex.def Info: ./project3/figures/figure5b.png  used on input line 657.
(pdftex.def)             Requested size: 221.14421pt x 165.8558pt.
<./project3/figures/figure5c.png, id=3732, 578.16pt x 433.62pt>
File: ./project3/figures/figure5c.png Graphic file (type png)
<use ./project3/figures/figure5c.png>
Package pdftex.def Info: ./project3/figures/figure5c.png  used on input line 662.
(pdftex.def)             Requested size: 221.14421pt x 165.8558pt.
<./project3/figures/figure5d.png, id=3733, 578.16pt x 433.62pt>
File: ./project3/figures/figure5d.png Graphic file (type png)
<use ./project3/figures/figure5d.png>
Package pdftex.def Info: ./project3/figures/figure5d.png  used on input line 667.
(pdftex.def)             Requested size: 221.14421pt x 165.8558pt.
 [125 <./project3/tikz/mtl.pdf>] [126 <./project3/figures/figure5a.png> <./project3/figures/figure5b.png> <./project3/figures/figure5c.png> <./project3/figures/figure5d.png>]) (./conclusion.tex [127]
Chapter 5.
[128


]) (./futureWork/rlHedging.tex [129]
Chapter 6.
[130


] [131] [132] [133] [134] [135] [136] [137] [138] [139] [140] [141] [142] [143]
<./futureWork/tikz/ppo_diagram.pdf, id=4155, 341.91438pt x 301.87178pt>
File: ./futureWork/tikz/ppo_diagram.pdf Graphic file (type pdf)
<use ./futureWork/tikz/ppo_diagram.pdf>
Package pdftex.def Info: ./futureWork/tikz/ppo_diagram.pdf  used on input line 434.
(pdftex.def)             Requested size: 207.32315pt x 183.04523pt.
<./futureWork/tikz/recurrentppo_diagram.pdf, id=4156, 285.00879pt x 257.36351pt>
File: ./futureWork/tikz/recurrentppo_diagram.pdf Graphic file (type pdf)
<use ./futureWork/tikz/recurrentppo_diagram.pdf>
Package pdftex.def Info: ./futureWork/tikz/recurrentppo_diagram.pdf  used on input line 440.
(pdftex.def)             Requested size: 207.32315pt x 187.21797pt.
 [144] [145] [146 <./futureWork/tikz/ppo_diagram.pdf> <./futureWork/tikz/recurrentppo_diagram.pdf>] [147]
<./futureWork/figures/CVaR_histories.png, id=4264, 722.7pt x 361.35pt>
File: ./futureWork/figures/CVaR_histories.png Graphic file (type png)
<use ./futureWork/figures/CVaR_histories.png>
Package pdftex.def Info: ./futureWork/figures/CVaR_histories.png  used on input line 532.
(pdftex.def)             Requested size: 414.6463pt x 207.32251pt.
 [148] [149 <./futureWork/figures/CVaR_histories.png>]
<./futureWork/figures/PPO_DH.png, id=4296, 722.7pt x 433.62pt>
File: ./futureWork/figures/PPO_DH.png Graphic file (type png)
<use ./futureWork/figures/PPO_DH.png>
Package pdftex.def Info: ./futureWork/figures/PPO_DH.png  used on input line 555.
(pdftex.def)             Requested size: 230.36061pt x 138.21207pt.
<./futureWork/figures/PPOs_GBM.png, id=4303, 722.7pt x 433.62pt>
File: ./futureWork/figures/PPOs_GBM.png Graphic file (type png)
<use ./futureWork/figures/PPOs_GBM.png>
Package pdftex.def Info: ./futureWork/figures/PPOs_GBM.png  used on input line 566.
(pdftex.def)             Requested size: 207.32315pt x 124.3902pt.
<./futureWork/figures/PPOs_GBMRS.png, id=4304, 722.7pt x 433.62pt>
File: ./futureWork/figures/PPOs_GBMRS.png Graphic file (type png)
<use ./futureWork/figures/PPOs_GBMRS.png>
Package pdftex.def Info: ./futureWork/figures/PPOs_GBMRS.png  used on input line 571.
(pdftex.def)             Requested size: 207.32315pt x 124.3902pt.
 [150 <./futureWork/figures/PPO_DH.png> <./futureWork/figures/PPOs_GBM.png> <./futureWork/figures/PPOs_GBMRS.png>]
<./futureWork/figures/PPO_cost_001.png, id=4326, 722.7pt x 433.62pt>
File: ./futureWork/figures/PPO_cost_001.png Graphic file (type png)
<use ./futureWork/figures/PPO_cost_001.png>
Package pdftex.def Info: ./futureWork/figures/PPO_cost_001.png  used on input line 587.
(pdftex.def)             Requested size: 207.32315pt x 124.3902pt.
<./futureWork/figures/PPO_cost_02.png, id=4327, 722.7pt x 433.62pt>
File: ./futureWork/figures/PPO_cost_02.png Graphic file (type png)
<use ./futureWork/figures/PPO_cost_02.png>
Package pdftex.def Info: ./futureWork/figures/PPO_cost_02.png  used on input line 592.
(pdftex.def)             Requested size: 207.32315pt x 124.3902pt.
<./futureWork/figures/PPO_anchor.png, id=4333, 722.7pt x 433.62pt>
File: ./futureWork/figures/PPO_anchor.png Graphic file (type png)
<use ./futureWork/figures/PPO_anchor.png>
Package pdftex.def Info: ./futureWork/figures/PPO_anchor.png  used on input line 607.
(pdftex.def)             Requested size: 460.72124pt x 276.43074pt.
<./futureWork/figures/PPO_GMWB.png, id=4337, 722.7pt x 433.62pt>
File: ./futureWork/figures/PPO_GMWB.png Graphic file (type png)
<use ./futureWork/figures/PPO_GMWB.png>
Package pdftex.def Info: ./futureWork/figures/PPO_GMWB.png  used on input line 619.
(pdftex.def)             Requested size: 460.72124pt x 276.43074pt.
 [151 <./futureWork/figures/PPO_cost_001.png> <./futureWork/figures/PPO_cost_02.png>] [152 <./futureWork/figures/PPO_anchor.png>]) [153 <./futureWork/figures/PPO_GMWB.png>] [154] (./thesisDefense.bbl [155




]
Underfull \hbox (badness 1406) in paragraph at lines 99--102
[]\OT1/cmr/m/n/12 Brown, T. B. (2020).  Lan-guage mod-els are few-shot learn-ers.  \OT1/cmr/m/it/12 arXiv preprint
 []

[156] [157] [158] [159] [160] [161] [162] [163] [164] [165] [166] [167]) [168] (./appendix.tex [169


]
Appendix A.
Package hyperref Info: bookmark level for unknown definitionA1* defaults to 0 on input line 7.
Package hyperref Info: bookmark level for unknown definitionA2* defaults to 0 on input line 15.
[170


])
\tf@thm=\write11
\openout11 = `thesisDefense.thm'.

 [171] (./thesisDefense.aux)
 ***********
LaTeX2e <2023-11-01> patch level 1
L3 programming layer <2024-01-22>
 ***********
Package rerunfilecheck Info: File `thesisDefense.out' has not changed.
(rerunfilecheck)             Checksum: 346F055A98CD1FF8E6DB38B17141F563;7486.
 ) 
Here is how much of TeX's memory you used:
 38978 strings out of 476106
 779393 string characters out of 5793934
 1947975 words of memory out of 5000000
 59612 multiletter control sequences out of 15000+600000
 576262 words of font info for 102 fonts, out of 8000000 for 9000
 59 hyphenation exceptions out of 8191
 109i,19n,107p,2403b,1207s stack positions out of 10000i,1000n,20000p,200000b,200000s
 </home/xintong/.texlive2023/texmf-var/fonts/pk/ljfour/jknappen/ec/tcti1200.600pk> </home/xintong/.texlive2023/texmf-var/fonts/pk/ljfour/jknappen/ec/tcrm1200.600pk></usr/share/texlive/texmf-dist/fonts/type1/public/amsfonts/cm/cmbx10.pfb></usr/share/texlive/texmf-dist/fonts/type1/public/amsfonts/cm/cmbx12.pfb></usr/share/texlive/texmf-dist/fonts/type1/public/amsfonts/cm/cmbx6.pfb></usr/share/texlive/texmf-dist/fonts/type1/public/amsfonts/cm/cmbx7.pfb></usr/share/texlive/texmf-dist/fonts/type1/public/amsfonts/cm/cmbx8.pfb></usr/share/texlive/texmf-dist/fonts/type1/public/amsfonts/cm/cmex10.pfb></usr/share/texlive/texmf-dist/fonts/type1/public/amsfonts/cmextra/cmex8.pfb></usr/share/texlive/texmf-dist/fonts/type1/public/amsfonts/cm/cmmi10.pfb></usr/share/texlive/texmf-dist/fonts/type1/public/amsfonts/cm/cmmi12.pfb></usr/share/texlive/texmf-dist/fonts/type1/public/amsfonts/cm/cmmi5.pfb></usr/share/texlive/texmf-dist/fonts/type1/public/amsfonts/cm/cmmi6.pfb></usr/share/texlive/texmf-dist/fonts/type1/public/amsfonts/cm/cmmi7.pfb></usr/share/texlive/texmf-dist/fonts/type1/public/amsfonts/cm/cmmi8.pfb></usr/share/texlive/texmf-dist/fonts/type1/public/amsfonts/cm/cmmib10.pfb></usr/share/texlive/texmf-dist/fonts/type1/public/amsfonts/cm/cmr10.pfb></usr/share/texlive/texmf-dist/fonts/type1/public/amsfonts/cm/cmr12.pfb></usr/share/texlive/texmf-dist/fonts/type1/public/amsfonts/cm/cmr17.pfb></usr/share/texlive/texmf-dist/fonts/type1/public/amsfonts/cm/cmr5.pfb></usr/share/texlive/texmf-dist/fonts/type1/public/amsfonts/cm/cmr6.pfb></usr/share/texlive/texmf-dist/fonts/type1/public/amsfonts/cm/cmr7.pfb></usr/share/texlive/texmf-dist/fonts/type1/public/amsfonts/cm/cmr8.pfb></usr/share/texlive/texmf-dist/fonts/type1/public/amsfonts/cm/cmss8.pfb></usr/share/texlive/texmf-dist/fonts/type1/public/amsfonts/cm/cmsy10.pfb></usr/share/texlive/texmf-dist/fonts/type1/public/amsfonts/cm/cmsy5.pfb></usr/share/texlive/texmf-dist/fonts/type1/public/amsfonts/cm/cmsy6.pfb></usr/share/texlive/texmf-dist/fonts/type1/public/amsfonts/cm/cmsy7.pfb></usr/share/texlive/texmf-dist/fonts/type1/public/amsfonts/cm/cmsy8.pfb></usr/share/texlive/texmf-dist/fonts/type1/public/amsfonts/cm/cmti12.pfb></usr/share/texlive/texmf-dist/fonts/type1/public/amsfonts/cm/cmti8.pfb></usr/share/texlive/texmf-dist/fonts/type1/public/amsfonts/cm/cmtt12.pfb></usr/share/texlive/texmf-dist/fonts/type1/public/amsfonts/symbols/msam10.pfb></usr/share/texlive/texmf-dist/fonts/type1/public/amsfonts/symbols/msbm10.pfb>
Output written on thesisDefense.pdf (187 pages, 3074486 bytes).
PDF statistics:
 4814 PDF objects out of 5155 (max. 8388607)
 4355 compressed objects within 44 object streams
 779 named destinations out of 1000 (max. 500000)
 1111 words of extra memory for PDF output out of 10000 (max. 10000000)

