This is pdfTeX, Version 3.141592653-2.6-1.40.26 (TeX Live 2024) (preloaded format=pdflatex 2024.9.22)  6 JAN 2025 12:42
entering extended mode
 restricted \write18 enabled.
 file:line:error style messages enabled.
 %&-line parsing enabled.
**/Users/xli/Documents/GitHub/thesis/pre_private/pre.tex
(/Users/xli/Documents/GitHub/thesis/pre_private/pre.tex
LaTeX2e <2023-11-01> patch level 1
L3 programming layer <2024-02-20>
(/usr/local/texlive/2024/texmf-dist/tex/latex/beamer/beamer.cls
Document Class: beamer 2024/01/06 v3.71 A class for typesetting presentations
(/usr/local/texlive/2024/texmf-dist/tex/latex/beamer/beamerbasemodes.sty (/usr/local/texlive/2024/texmf-dist/tex/latex/etoolbox/etoolbox.sty
Package: etoolbox 2020/10/05 v2.5k e-TeX tools for LaTeX (JAW)
\etb@tempcnta=\count188
)
\beamer@tempbox=\box51
\beamer@tempcount=\count189
\c@beamerpauses=\count190
 (/usr/local/texlive/2024/texmf-dist/tex/latex/beamer/beamerbasedecode.sty
\beamer@slideinframe=\count191
\beamer@minimum=\count192
\beamer@decode@box=\box52
)
\beamer@commentbox=\box53
\beamer@modecount=\count193
) (/usr/local/texlive/2024/texmf-dist/tex/generic/iftex/iftex.sty
Package: iftex 2022/02/03 v1.0f TeX engine tests
)
\headdp=\dimen140
\footheight=\dimen141
\sidebarheight=\dimen142
\beamer@tempdim=\dimen143
\beamer@finalheight=\dimen144
\beamer@animht=\dimen145
\beamer@animdp=\dimen146
\beamer@animwd=\dimen147
\beamer@leftmargin=\dimen148
\beamer@rightmargin=\dimen149
\beamer@leftsidebar=\dimen150
\beamer@rightsidebar=\dimen151
\beamer@boxsize=\dimen152
\beamer@vboxoffset=\dimen153
\beamer@descdefault=\dimen154
\beamer@descriptionwidth=\dimen155
\beamer@lastskip=\skip48
\beamer@areabox=\box54
\beamer@animcurrent=\box55
\beamer@animshowbox=\box56
\beamer@sectionbox=\box57
\beamer@logobox=\box58
\beamer@linebox=\box59
\beamer@sectioncount=\count194
\beamer@subsubsectionmax=\count195
\beamer@subsectionmax=\count196
\beamer@sectionmax=\count197
\beamer@totalheads=\count198
\beamer@headcounter=\count199
\beamer@partstartpage=\count266
\beamer@sectionstartpage=\count267
\beamer@subsectionstartpage=\count268
\beamer@animationtempa=\count269
\beamer@animationtempb=\count270
\beamer@xpos=\count271
\beamer@ypos=\count272
\beamer@ypos@offset=\count273
\beamer@showpartnumber=\count274
\beamer@currentsubsection=\count275
\beamer@coveringdepth=\count276
\beamer@sectionadjust=\count277
\beamer@toclastsection=\count278
\beamer@tocsectionnumber=\count279
 (/usr/local/texlive/2024/texmf-dist/tex/latex/beamer/beamerbaseoptions.sty (/usr/local/texlive/2024/texmf-dist/tex/latex/graphics/keyval.sty
Package: keyval 2022/05/29 v1.15 key=value parser (DPC)
\KV@toks@=\toks17
))
\beamer@paperwidth=\skip49
\beamer@paperheight=\skip50
 (/usr/local/texlive/2024/texmf-dist/tex/latex/geometry/geometry.sty
Package: geometry 2020/01/02 v5.9 Page Geometry
 (/usr/local/texlive/2024/texmf-dist/tex/generic/iftex/ifvtex.sty
Package: ifvtex 2019/10/25 v1.7 ifvtex legacy package. Use iftex instead.
)
\Gm@cnth=\count280
\Gm@cntv=\count281
\c@Gm@tempcnt=\count282
\Gm@bindingoffset=\dimen156
\Gm@wd@mp=\dimen157
\Gm@odd@mp=\dimen158
\Gm@even@mp=\dimen159
\Gm@layoutwidth=\dimen160
\Gm@layoutheight=\dimen161
\Gm@layouthoffset=\dimen162
\Gm@layoutvoffset=\dimen163
\Gm@dimlist=\toks18
) (/usr/local/texlive/2024/texmf-dist/tex/latex/pgf/math/pgfmath.sty (/usr/local/texlive/2024/texmf-dist/tex/latex/pgf/utilities/pgfrcs.sty (/usr/local/texlive/2024/texmf-dist/tex/generic/pgf/utilities/pgfutil-common.tex
\pgfutil@everybye=\toks19
\pgfutil@tempdima=\dimen164
\pgfutil@tempdimb=\dimen165
) (/usr/local/texlive/2024/texmf-dist/tex/generic/pgf/utilities/pgfutil-latex.def
\pgfutil@abb=\box60
) (/usr/local/texlive/2024/texmf-dist/tex/generic/pgf/utilities/pgfrcs.code.tex (/usr/local/texlive/2024/texmf-dist/tex/generic/pgf/pgf.revision.tex)
Package: pgfrcs 2023-01-15 v3.1.10 (3.1.10)
)) (/usr/local/texlive/2024/texmf-dist/tex/latex/pgf/utilities/pgfkeys.sty (/usr/local/texlive/2024/texmf-dist/tex/generic/pgf/utilities/pgfkeys.code.tex
\pgfkeys@pathtoks=\toks20
\pgfkeys@temptoks=\toks21
 (/usr/local/texlive/2024/texmf-dist/tex/generic/pgf/utilities/pgfkeyslibraryfiltered.code.tex
\pgfkeys@tmptoks=\toks22
))) (/usr/local/texlive/2024/texmf-dist/tex/generic/pgf/math/pgfmath.code.tex (/usr/local/texlive/2024/texmf-dist/tex/generic/pgf/math/pgfmathutil.code.tex
\pgf@x=\dimen166
\pgf@xa=\dimen167
\pgf@xb=\dimen168
\pgf@xc=\dimen169
\pgf@y=\dimen170
\pgf@ya=\dimen171
\pgf@yb=\dimen172
\pgf@yc=\dimen173
\c@pgf@counta=\count283
\c@pgf@countb=\count284
\c@pgf@countc=\count285
\c@pgf@countd=\count286
) (/usr/local/texlive/2024/texmf-dist/tex/generic/pgf/math/pgfmathparser.code.tex
\pgfmath@dimen=\dimen174
\pgfmath@count=\count287
\pgfmath@box=\box61
\pgfmath@toks=\toks23
\pgfmath@stack@operand=\toks24
\pgfmath@stack@operation=\toks25
) (/usr/local/texlive/2024/texmf-dist/tex/generic/pgf/math/pgfmathfunctions.code.tex) (/usr/local/texlive/2024/texmf-dist/tex/generic/pgf/math/pgfmathfunctions.basic.code.tex) (/usr/local/texlive/2024/texmf-dist/tex/generic/pgf/math/pgfmathfunctions.trigonometric.code.tex) (/usr/local/texlive/2024/texmf-dist/tex/generic/pgf/math/pgfmathfunctions.random.code.tex) (/usr/local/texlive/2024/texmf-dist/tex/generic/pgf/math/pgfmathfunctions.comparison.code.tex) (/usr/local/texlive/2024/texmf-dist/tex/generic/pgf/math/pgfmathfunctions.base.code.tex) (/usr/local/texlive/2024/texmf-dist/tex/generic/pgf/math/pgfmathfunctions.round.code.tex) (/usr/local/texlive/2024/texmf-dist/tex/generic/pgf/math/pgfmathfunctions.misc.code.tex) (/usr/local/texlive/2024/texmf-dist/tex/generic/pgf/math/pgfmathfunctions.integerarithmetics.code.tex) (/usr/local/texlive/2024/texmf-dist/tex/generic/pgf/math/pgfmathcalc.code.tex) (/usr/local/texlive/2024/texmf-dist/tex/generic/pgf/math/pgfmathfloat.code.tex
\c@pgfmathroundto@lastzeros=\count288
))) (/usr/local/texlive/2024/texmf-dist/tex/latex/extsizes/size9.clo
File: size9.clo 1999/11/11 v1.4a NON-Standard LaTeX file (size option)
) (/usr/local/texlive/2024/texmf-dist/tex/latex/pgf/basiclayer/pgfcore.sty (/usr/local/texlive/2024/texmf-dist/tex/latex/graphics/graphicx.sty
Package: graphicx 2021/09/16 v1.2d Enhanced LaTeX Graphics (DPC,SPQR)
 (/usr/local/texlive/2024/texmf-dist/tex/latex/graphics/graphics.sty
Package: graphics 2022/03/10 v1.4e Standard LaTeX Graphics (DPC,SPQR)
 (/usr/local/texlive/2024/texmf-dist/tex/latex/graphics/trig.sty
Package: trig 2021/08/11 v1.11 sin cos tan (DPC)
) (/usr/local/texlive/2024/texmf-dist/tex/latex/graphics-cfg/graphics.cfg
File: graphics.cfg 2016/06/04 v1.11 sample graphics configuration
)
Package graphics Info: Driver file: pdftex.def on input line 107.
 (/usr/local/texlive/2024/texmf-dist/tex/latex/graphics-def/pdftex.def
File: pdftex.def 2022/09/22 v1.2b Graphics/color driver for pdftex
))
\Gin@req@height=\dimen175
\Gin@req@width=\dimen176
) (/usr/local/texlive/2024/texmf-dist/tex/latex/pgf/systemlayer/pgfsys.sty (/usr/local/texlive/2024/texmf-dist/tex/generic/pgf/systemlayer/pgfsys.code.tex
Package: pgfsys 2023-01-15 v3.1.10 (3.1.10)
\pgf@x=\dimen177
\pgf@y=\dimen178
\pgf@xa=\dimen179
\pgf@ya=\dimen180
\pgf@xb=\dimen181
\pgf@yb=\dimen182
\pgf@xc=\dimen183
\pgf@yc=\dimen184
\pgf@xd=\dimen185
\pgf@yd=\dimen186
\w@pgf@writea=\write3
\r@pgf@reada=\read2
\c@pgf@counta=\count289
\c@pgf@countb=\count290
\c@pgf@countc=\count291
\c@pgf@countd=\count292
\t@pgf@toka=\toks26
\t@pgf@tokb=\toks27
\t@pgf@tokc=\toks28
\pgf@sys@id@count=\count293
 (/usr/local/texlive/2024/texmf-dist/tex/generic/pgf/systemlayer/pgf.cfg
File: pgf.cfg 2023-01-15 v3.1.10 (3.1.10)
)
Driver file for pgf: pgfsys-pdftex.def
 (/usr/local/texlive/2024/texmf-dist/tex/generic/pgf/systemlayer/pgfsys-pdftex.def
File: pgfsys-pdftex.def 2023-01-15 v3.1.10 (3.1.10)
 (/usr/local/texlive/2024/texmf-dist/tex/generic/pgf/systemlayer/pgfsys-common-pdf.def
File: pgfsys-common-pdf.def 2023-01-15 v3.1.10 (3.1.10)
))) (/usr/local/texlive/2024/texmf-dist/tex/generic/pgf/systemlayer/pgfsyssoftpath.code.tex
File: pgfsyssoftpath.code.tex 2023-01-15 v3.1.10 (3.1.10)
\pgfsyssoftpath@smallbuffer@items=\count294
\pgfsyssoftpath@bigbuffer@items=\count295
) (/usr/local/texlive/2024/texmf-dist/tex/generic/pgf/systemlayer/pgfsysprotocol.code.tex
File: pgfsysprotocol.code.tex 2023-01-15 v3.1.10 (3.1.10)
)) (/usr/local/texlive/2024/texmf-dist/tex/latex/xcolor/xcolor.sty
Package: xcolor 2023/11/15 v3.01 LaTeX color extensions (UK)
 (/usr/local/texlive/2024/texmf-dist/tex/latex/graphics-cfg/color.cfg
File: color.cfg 2016/01/02 v1.6 sample color configuration
)
Package xcolor Info: Driver file: pdftex.def on input line 274.
 (/usr/local/texlive/2024/texmf-dist/tex/latex/graphics/mathcolor.ltx)
Package xcolor Info: Model `cmy' substituted by `cmy0' on input line 1350.
Package xcolor Info: Model `hsb' substituted by `rgb' on input line 1354.
Package xcolor Info: Model `RGB' extended on input line 1366.
Package xcolor Info: Model `HTML' substituted by `rgb' on input line 1368.
Package xcolor Info: Model `Hsb' substituted by `hsb' on input line 1369.
Package xcolor Info: Model `tHsb' substituted by `hsb' on input line 1370.
Package xcolor Info: Model `HSB' substituted by `hsb' on input line 1371.
Package xcolor Info: Model `Gray' substituted by `gray' on input line 1372.
Package xcolor Info: Model `wave' substituted by `hsb' on input line 1373.
) (/usr/local/texlive/2024/texmf-dist/tex/generic/pgf/basiclayer/pgfcore.code.tex
Package: pgfcore 2023-01-15 v3.1.10 (3.1.10)
 (/usr/local/texlive/2024/texmf-dist/tex/generic/pgf/math/pgfint.code.tex) (/usr/local/texlive/2024/texmf-dist/tex/generic/pgf/basiclayer/pgfcorepoints.code.tex
File: pgfcorepoints.code.tex 2023-01-15 v3.1.10 (3.1.10)
\pgf@picminx=\dimen187
\pgf@picmaxx=\dimen188
\pgf@picminy=\dimen189
\pgf@picmaxy=\dimen190
\pgf@pathminx=\dimen191
\pgf@pathmaxx=\dimen192
\pgf@pathminy=\dimen193
\pgf@pathmaxy=\dimen194
\pgf@xx=\dimen195
\pgf@xy=\dimen196
\pgf@yx=\dimen197
\pgf@yy=\dimen198
\pgf@zx=\dimen199
\pgf@zy=\dimen256
) (/usr/local/texlive/2024/texmf-dist/tex/generic/pgf/basiclayer/pgfcorepathconstruct.code.tex
File: pgfcorepathconstruct.code.tex 2023-01-15 v3.1.10 (3.1.10)
\pgf@path@lastx=\dimen257
\pgf@path@lasty=\dimen258
) (/usr/local/texlive/2024/texmf-dist/tex/generic/pgf/basiclayer/pgfcorepathusage.code.tex
File: pgfcorepathusage.code.tex 2023-01-15 v3.1.10 (3.1.10)
\pgf@shorten@end@additional=\dimen259
\pgf@shorten@start@additional=\dimen260
) (/usr/local/texlive/2024/texmf-dist/tex/generic/pgf/basiclayer/pgfcorescopes.code.tex
File: pgfcorescopes.code.tex 2023-01-15 v3.1.10 (3.1.10)
\pgfpic=\box62
\pgf@hbox=\box63
\pgf@layerbox@main=\box64
\pgf@picture@serial@count=\count296
) (/usr/local/texlive/2024/texmf-dist/tex/generic/pgf/basiclayer/pgfcoregraphicstate.code.tex
File: pgfcoregraphicstate.code.tex 2023-01-15 v3.1.10 (3.1.10)
\pgflinewidth=\dimen261
) (/usr/local/texlive/2024/texmf-dist/tex/generic/pgf/basiclayer/pgfcoretransformations.code.tex
File: pgfcoretransformations.code.tex 2023-01-15 v3.1.10 (3.1.10)
\pgf@pt@x=\dimen262
\pgf@pt@y=\dimen263
\pgf@pt@temp=\dimen264
) (/usr/local/texlive/2024/texmf-dist/tex/generic/pgf/basiclayer/pgfcorequick.code.tex
File: pgfcorequick.code.tex 2023-01-15 v3.1.10 (3.1.10)
) (/usr/local/texlive/2024/texmf-dist/tex/generic/pgf/basiclayer/pgfcoreobjects.code.tex
File: pgfcoreobjects.code.tex 2023-01-15 v3.1.10 (3.1.10)
) (/usr/local/texlive/2024/texmf-dist/tex/generic/pgf/basiclayer/pgfcorepathprocessing.code.tex
File: pgfcorepathprocessing.code.tex 2023-01-15 v3.1.10 (3.1.10)
) (/usr/local/texlive/2024/texmf-dist/tex/generic/pgf/basiclayer/pgfcorearrows.code.tex
File: pgfcorearrows.code.tex 2023-01-15 v3.1.10 (3.1.10)
\pgfarrowsep=\dimen265
) (/usr/local/texlive/2024/texmf-dist/tex/generic/pgf/basiclayer/pgfcoreshade.code.tex
File: pgfcoreshade.code.tex 2023-01-15 v3.1.10 (3.1.10)
\pgf@max=\dimen266
\pgf@sys@shading@range@num=\count297
\pgf@shadingcount=\count298
) (/usr/local/texlive/2024/texmf-dist/tex/generic/pgf/basiclayer/pgfcoreimage.code.tex
File: pgfcoreimage.code.tex 2023-01-15 v3.1.10 (3.1.10)
) (/usr/local/texlive/2024/texmf-dist/tex/generic/pgf/basiclayer/pgfcoreexternal.code.tex
File: pgfcoreexternal.code.tex 2023-01-15 v3.1.10 (3.1.10)
\pgfexternal@startupbox=\box65
) (/usr/local/texlive/2024/texmf-dist/tex/generic/pgf/basiclayer/pgfcorelayers.code.tex
File: pgfcorelayers.code.tex 2023-01-15 v3.1.10 (3.1.10)
) (/usr/local/texlive/2024/texmf-dist/tex/generic/pgf/basiclayer/pgfcoretransparency.code.tex
File: pgfcoretransparency.code.tex 2023-01-15 v3.1.10 (3.1.10)
) (/usr/local/texlive/2024/texmf-dist/tex/generic/pgf/basiclayer/pgfcorepatterns.code.tex
File: pgfcorepatterns.code.tex 2023-01-15 v3.1.10 (3.1.10)
) (/usr/local/texlive/2024/texmf-dist/tex/generic/pgf/basiclayer/pgfcorerdf.code.tex
File: pgfcorerdf.code.tex 2023-01-15 v3.1.10 (3.1.10)
))) (/usr/local/texlive/2024/texmf-dist/tex/latex/pgf/utilities/xxcolor.sty
Package: xxcolor 2003/10/24 ver 0.1
\XC@nummixins=\count299
\XC@countmixins=\count300
) (/usr/local/texlive/2024/texmf-dist/tex/latex/base/atbegshi-ltx.sty
Package: atbegshi-ltx 2021/01/10 v1.0c Emulation of the original atbegshi
package with kernel methods
) (/usr/local/texlive/2024/texmf-dist/tex/latex/hyperref/hyperref.sty
Package: hyperref 2024-01-20 v7.01h Hypertext links for LaTeX
 (/usr/local/texlive/2024/texmf-dist/tex/latex/kvsetkeys/kvsetkeys.sty
Package: kvsetkeys 2022-10-05 v1.19 Key value parser (HO)
) (/usr/local/texlive/2024/texmf-dist/tex/generic/kvdefinekeys/kvdefinekeys.sty
Package: kvdefinekeys 2019-12-19 v1.6 Define keys (HO)
) (/usr/local/texlive/2024/texmf-dist/tex/generic/pdfescape/pdfescape.sty
Package: pdfescape 2019/12/09 v1.15 Implements pdfTeX's escape features (HO)
 (/usr/local/texlive/2024/texmf-dist/tex/generic/ltxcmds/ltxcmds.sty
Package: ltxcmds 2023-12-04 v1.26 LaTeX kernel commands for general use (HO)
) (/usr/local/texlive/2024/texmf-dist/tex/generic/pdftexcmds/pdftexcmds.sty
Package: pdftexcmds 2020-06-27 v0.33 Utility functions of pdfTeX for LuaTeX (HO)
 (/usr/local/texlive/2024/texmf-dist/tex/generic/infwarerr/infwarerr.sty
Package: infwarerr 2019/12/03 v1.5 Providing info/warning/error messages (HO)
)
Package pdftexcmds Info: \pdf@primitive is available.
Package pdftexcmds Info: \pdf@ifprimitive is available.
Package pdftexcmds Info: \pdfdraftmode found.
)) (/usr/local/texlive/2024/texmf-dist/tex/latex/hycolor/hycolor.sty
Package: hycolor 2020-01-27 v1.10 Color options for hyperref/bookmark (HO)
) (/usr/local/texlive/2024/texmf-dist/tex/latex/auxhook/auxhook.sty
Package: auxhook 2019-12-17 v1.6 Hooks for auxiliary files (HO)
) (/usr/local/texlive/2024/texmf-dist/tex/latex/hyperref/nameref.sty
Package: nameref 2023-11-26 v2.56 Cross-referencing by name of section
 (/usr/local/texlive/2024/texmf-dist/tex/latex/refcount/refcount.sty
Package: refcount 2019/12/15 v3.6 Data extraction from label references (HO)
) (/usr/local/texlive/2024/texmf-dist/tex/generic/gettitlestring/gettitlestring.sty
Package: gettitlestring 2019/12/15 v1.6 Cleanup title references (HO)
 (/usr/local/texlive/2024/texmf-dist/tex/latex/kvoptions/kvoptions.sty
Package: kvoptions 2022-06-15 v3.15 Key value format for package options (HO)
))
\c@section@level=\count301
)
\@linkdim=\dimen267
\Hy@linkcounter=\count302
\Hy@pagecounter=\count303
 (/usr/local/texlive/2024/texmf-dist/tex/latex/hyperref/pd1enc.def
File: pd1enc.def 2024-01-20 v7.01h Hyperref: PDFDocEncoding definition (HO)
Now handling font encoding PD1 ...
... no UTF-8 mapping file for font encoding PD1
) (/usr/local/texlive/2024/texmf-dist/tex/generic/intcalc/intcalc.sty
Package: intcalc 2019/12/15 v1.3 Expandable calculations with integers (HO)
)
\Hy@SavedSpaceFactor=\count304
 (/usr/local/texlive/2024/texmf-dist/tex/latex/hyperref/puenc.def
File: puenc.def 2024-01-20 v7.01h Hyperref: PDF Unicode definition (HO)
Now handling font encoding PU ...
... no UTF-8 mapping file for font encoding PU
)
Package hyperref Info: Option `bookmarks' set `true' on input line 4062.
Package hyperref Info: Option `bookmarksopen' set `true' on input line 4062.
Package hyperref Info: Option `implicit' set `false' on input line 4062.
Package hyperref Info: Hyper figures OFF on input line 4179.
Package hyperref Info: Link nesting OFF on input line 4184.
Package hyperref Info: Hyper index ON on input line 4187.
Package hyperref Info: Plain pages OFF on input line 4194.
Package hyperref Info: Backreferencing OFF on input line 4199.
Package hyperref Info: Implicit mode OFF; no redefinition of LaTeX internals.
Package hyperref Info: Bookmarks ON on input line 4446.
\c@Hy@tempcnt=\count305
 (/usr/local/texlive/2024/texmf-dist/tex/latex/url/url.sty
\Urlmuskip=\muskip16
Package: url 2013/09/16  ver 3.4  Verb mode for urls, etc.
)
LaTeX Info: Redefining \url on input line 4784.
\XeTeXLinkMargin=\dimen268
 (/usr/local/texlive/2024/texmf-dist/tex/generic/bitset/bitset.sty
Package: bitset 2019/12/09 v1.3 Handle bit-vector datatype (HO)
 (/usr/local/texlive/2024/texmf-dist/tex/generic/bigintcalc/bigintcalc.sty
Package: bigintcalc 2019/12/15 v1.5 Expandable calculations on big integers (HO)
))
\Fld@menulength=\count306
\Field@Width=\dimen269
\Fld@charsize=\dimen270
Package hyperref Info: Hyper figures OFF on input line 6063.
Package hyperref Info: Link nesting OFF on input line 6068.
Package hyperref Info: Hyper index ON on input line 6071.
Package hyperref Info: backreferencing OFF on input line 6078.
Package hyperref Info: Link coloring OFF on input line 6083.
Package hyperref Info: Link coloring with OCG OFF on input line 6088.
Package hyperref Info: PDF/A mode OFF on input line 6093.
\Hy@abspage=\count307


Package hyperref Message: Stopped early.

)
Package hyperref Info: Driver (autodetected): hpdftex.
 (/usr/local/texlive/2024/texmf-dist/tex/latex/hyperref/hpdftex.def
File: hpdftex.def 2024-01-20 v7.01h Hyperref driver for pdfTeX
 (/usr/local/texlive/2024/texmf-dist/tex/latex/base/atveryend-ltx.sty
Package: atveryend-ltx 2020/08/19 v1.0a Emulation of the original atveryend package
with kernel methods
)
\Fld@listcount=\count308
\c@bookmark@seq@number=\count309
 (/usr/local/texlive/2024/texmf-dist/tex/latex/rerunfilecheck/rerunfilecheck.sty
Package: rerunfilecheck 2022-07-10 v1.10 Rerun checks for auxiliary files (HO)
 (/usr/local/texlive/2024/texmf-dist/tex/generic/uniquecounter/uniquecounter.sty
Package: uniquecounter 2019/12/15 v1.4 Provide unlimited unique counter (HO)
)
Package uniquecounter Info: New unique counter `rerunfilecheck' on input line 285.
)) (/usr/local/texlive/2024/texmf-dist/tex/latex/beamer/beamerbaserequires.sty (/usr/local/texlive/2024/texmf-dist/tex/latex/beamer/beamerbasecompatibility.sty) (/usr/local/texlive/2024/texmf-dist/tex/latex/beamer/beamerbasefont.sty (/usr/local/texlive/2024/texmf-dist/tex/latex/amsfonts/amssymb.sty
Package: amssymb 2013/01/14 v3.01 AMS font symbols
 (/usr/local/texlive/2024/texmf-dist/tex/latex/amsfonts/amsfonts.sty
Package: amsfonts 2013/01/14 v3.01 Basic AMSFonts support
\@emptytoks=\toks29
\symAMSa=\mathgroup4
\symAMSb=\mathgroup5
LaTeX Font Info:    Redeclaring math symbol \hbar on input line 98.
LaTeX Font Info:    Overwriting math alphabet `\mathfrak' in version `bold'
(Font)                  U/euf/m/n --> U/euf/b/n on input line 106.
)) (/usr/local/texlive/2024/texmf-dist/tex/latex/sansmathaccent/sansmathaccent.sty
Package: sansmathaccent 2020/01/31
 (/usr/local/texlive/2024/texmf-dist/tex/latex/koma-script/scrlfile.sty
Package: scrlfile 2023/07/07 v3.41 KOMA-Script package (file load hooks)
 (/usr/local/texlive/2024/texmf-dist/tex/latex/koma-script/scrlfile-hook.sty
Package: scrlfile-hook 2023/07/07 v3.41 KOMA-Script package (using LaTeX hooks)
 (/usr/local/texlive/2024/texmf-dist/tex/latex/koma-script/scrlogo.sty
Package: scrlogo 2023/07/07 v3.41 KOMA-Script package (logo)
))))) (/usr/local/texlive/2024/texmf-dist/tex/latex/beamer/beamerbasetranslator.sty (/usr/local/texlive/2024/texmf-dist/tex/latex/translator/translator.sty
Package: translator 2021-05-31 v1.12d Easy translation of strings in LaTeX
)) (/usr/local/texlive/2024/texmf-dist/tex/latex/beamer/beamerbasemisc.sty) (/usr/local/texlive/2024/texmf-dist/tex/latex/beamer/beamerbasetwoscreens.sty) (/usr/local/texlive/2024/texmf-dist/tex/latex/beamer/beamerbaseoverlay.sty
\beamer@argscount=\count310
\beamer@lastskipcover=\skip51
\beamer@trivlistdepth=\count311
) (/usr/local/texlive/2024/texmf-dist/tex/latex/beamer/beamerbasetitle.sty) (/usr/local/texlive/2024/texmf-dist/tex/latex/beamer/beamerbasesection.sty
\c@lecture=\count312
\c@part=\count313
\c@section=\count314
\c@subsection=\count315
\c@subsubsection=\count316
) (/usr/local/texlive/2024/texmf-dist/tex/latex/beamer/beamerbaseframe.sty
\beamer@framebox=\box66
\beamer@frametitlebox=\box67
\beamer@zoombox=\box68
\beamer@zoomcount=\count317
\beamer@zoomframecount=\count318
\beamer@frametextheight=\dimen271
\c@subsectionslide=\count319
\beamer@frametopskip=\skip52
\beamer@framebottomskip=\skip53
\beamer@frametopskipautobreak=\skip54
\beamer@framebottomskipautobreak=\skip55
\beamer@envbody=\toks30
\framewidth=\dimen272
\c@framenumber=\count320
) (/usr/local/texlive/2024/texmf-dist/tex/latex/beamer/beamerbaseverbatim.sty
\beamer@verbatimfileout=\write4
) (/usr/local/texlive/2024/texmf-dist/tex/latex/beamer/beamerbaseframesize.sty
\beamer@splitbox=\box69
\beamer@autobreakcount=\count321
\beamer@autobreaklastheight=\dimen273
\beamer@frametitletoks=\toks31
\beamer@framesubtitletoks=\toks32
) (/usr/local/texlive/2024/texmf-dist/tex/latex/beamer/beamerbaseframecomponents.sty
\beamer@footins=\box70
) (/usr/local/texlive/2024/texmf-dist/tex/latex/beamer/beamerbasecolor.sty) (/usr/local/texlive/2024/texmf-dist/tex/latex/beamer/beamerbasenotes.sty
\beamer@frameboxcopy=\box71
) (/usr/local/texlive/2024/texmf-dist/tex/latex/beamer/beamerbasetoc.sty) (/usr/local/texlive/2024/texmf-dist/tex/latex/beamer/beamerbasetemplates.sty
\beamer@sbttoks=\toks33
 (/usr/local/texlive/2024/texmf-dist/tex/latex/beamer/beamerbaseauxtemplates.sty (/usr/local/texlive/2024/texmf-dist/tex/latex/beamer/beamerbaseboxes.sty
\bmb@box=\box72
\bmb@colorbox=\box73
\bmb@boxwidth=\dimen274
\bmb@boxheight=\dimen275
\bmb@prevheight=\dimen276
\bmb@temp=\dimen277
\bmb@dima=\dimen278
\bmb@dimb=\dimen279
\bmb@prevheight=\dimen280
)
\beamer@blockheadheight=\dimen281
)) (/usr/local/texlive/2024/texmf-dist/tex/latex/beamer/beamerbaselocalstructure.sty (/usr/local/texlive/2024/texmf-dist/tex/latex/tools/enumerate.sty
Package: enumerate 2023/07/04 v3.00 enumerate extensions (DPC)
\@enLab=\toks34
)
\beamer@bibiconwidth=\skip56
\c@figure=\count322
\c@table=\count323
\abovecaptionskip=\skip57
\belowcaptionskip=\skip58
) (/usr/local/texlive/2024/texmf-dist/tex/latex/beamer/beamerbasenavigation.sty (/usr/local/texlive/2024/texmf-dist/tex/latex/beamer/beamerbasenavigationsymbols.tex)
\beamer@section@min@dim=\dimen282
) (/usr/local/texlive/2024/texmf-dist/tex/latex/beamer/beamerbasetheorems.sty (/usr/local/texlive/2024/texmf-dist/tex/latex/amsmath/amsmath.sty
Package: amsmath 2023/05/13 v2.17o AMS math features
\@mathmargin=\skip59

For additional information on amsmath, use the `?' option.
(/usr/local/texlive/2024/texmf-dist/tex/latex/amsmath/amstext.sty
Package: amstext 2021/08/26 v2.01 AMS text
 (/usr/local/texlive/2024/texmf-dist/tex/latex/amsmath/amsgen.sty
File: amsgen.sty 1999/11/30 v2.0 generic functions
\@emptytoks=\toks35
\ex@=\dimen283
)) (/usr/local/texlive/2024/texmf-dist/tex/latex/amsmath/amsbsy.sty
Package: amsbsy 1999/11/29 v1.2d Bold Symbols
\pmbraise@=\dimen284
) (/usr/local/texlive/2024/texmf-dist/tex/latex/amsmath/amsopn.sty
Package: amsopn 2022/04/08 v2.04 operator names
)
\inf@bad=\count324
LaTeX Info: Redefining \frac on input line 234.
\uproot@=\count325
\leftroot@=\count326
LaTeX Info: Redefining \overline on input line 399.
LaTeX Info: Redefining \colon on input line 410.
\classnum@=\count327
\DOTSCASE@=\count328
LaTeX Info: Redefining \ldots on input line 496.
LaTeX Info: Redefining \dots on input line 499.
LaTeX Info: Redefining \cdots on input line 620.
\Mathstrutbox@=\box74
\strutbox@=\box75
LaTeX Info: Redefining \big on input line 722.
LaTeX Info: Redefining \Big on input line 723.
LaTeX Info: Redefining \bigg on input line 724.
LaTeX Info: Redefining \Bigg on input line 725.
\big@size=\dimen285
LaTeX Font Info:    Redeclaring font encoding OML on input line 743.
LaTeX Font Info:    Redeclaring font encoding OMS on input line 744.
\macc@depth=\count329
LaTeX Info: Redefining \bmod on input line 905.
LaTeX Info: Redefining \pmod on input line 910.
LaTeX Info: Redefining \smash on input line 940.
LaTeX Info: Redefining \relbar on input line 970.
LaTeX Info: Redefining \Relbar on input line 971.
\c@MaxMatrixCols=\count330
\dotsspace@=\muskip17
\c@parentequation=\count331
\dspbrk@lvl=\count332
\tag@help=\toks36
\row@=\count333
\column@=\count334
\maxfields@=\count335
\andhelp@=\toks37
\eqnshift@=\dimen286
\alignsep@=\dimen287
\tagshift@=\dimen288
\tagwidth@=\dimen289
\totwidth@=\dimen290
\lineht@=\dimen291
\@envbody=\toks38
\multlinegap=\skip60
\multlinetaggap=\skip61
\mathdisplay@stack=\toks39
LaTeX Info: Redefining \[ on input line 2953.
LaTeX Info: Redefining \] on input line 2954.
) (/usr/local/texlive/2024/texmf-dist/tex/latex/amscls/amsthm.sty
Package: amsthm 2020/05/29 v2.20.6
\thm@style=\toks40
\thm@bodyfont=\toks41
\thm@headfont=\toks42
\thm@notefont=\toks43
\thm@headpunct=\toks44
\thm@preskip=\skip62
\thm@postskip=\skip63
\thm@headsep=\skip64
\dth@everypar=\toks45
)
\c@theorem=\count336
) (/usr/local/texlive/2024/texmf-dist/tex/latex/beamer/beamerbasethemes.sty)) (/usr/local/texlive/2024/texmf-dist/tex/latex/beamer/beamerthemedefault.sty (/usr/local/texlive/2024/texmf-dist/tex/latex/beamer/beamerfontthemedefault.sty) (/usr/local/texlive/2024/texmf-dist/tex/latex/beamer/beamercolorthemedefault.sty) (/usr/local/texlive/2024/texmf-dist/tex/latex/beamer/beamerinnerthemedefault.sty
\beamer@dima=\dimen292
\beamer@dimb=\dimen293
) (/usr/local/texlive/2024/texmf-dist/tex/latex/beamer/beamerouterthemedefault.sty))) (./StyleFile.tex (/usr/local/texlive/2024/texmf-dist/tex/latex/pgf/frontendlayer/tikz.sty (/usr/local/texlive/2024/texmf-dist/tex/latex/pgf/basiclayer/pgf.sty
Package: pgf 2023-01-15 v3.1.10 (3.1.10)
 (/usr/local/texlive/2024/texmf-dist/tex/generic/pgf/modules/pgfmoduleshapes.code.tex
File: pgfmoduleshapes.code.tex 2023-01-15 v3.1.10 (3.1.10)
\pgfnodeparttextbox=\box76
) (/usr/local/texlive/2024/texmf-dist/tex/generic/pgf/modules/pgfmoduleplot.code.tex
File: pgfmoduleplot.code.tex 2023-01-15 v3.1.10 (3.1.10)
) (/usr/local/texlive/2024/texmf-dist/tex/latex/pgf/compatibility/pgfcomp-version-0-65.sty
Package: pgfcomp-version-0-65 2023-01-15 v3.1.10 (3.1.10)
\pgf@nodesepstart=\dimen294
\pgf@nodesepend=\dimen295
) (/usr/local/texlive/2024/texmf-dist/tex/latex/pgf/compatibility/pgfcomp-version-1-18.sty
Package: pgfcomp-version-1-18 2023-01-15 v3.1.10 (3.1.10)
)) (/usr/local/texlive/2024/texmf-dist/tex/latex/pgf/utilities/pgffor.sty (/usr/local/texlive/2024/texmf-dist/tex/generic/pgf/utilities/pgffor.code.tex
Package: pgffor 2023-01-15 v3.1.10 (3.1.10)
\pgffor@iter=\dimen296
\pgffor@skip=\dimen297
\pgffor@stack=\toks46
\pgffor@toks=\toks47
)) (/usr/local/texlive/2024/texmf-dist/tex/generic/pgf/frontendlayer/tikz/tikz.code.tex
Package: tikz 2023-01-15 v3.1.10 (3.1.10)
 (/usr/local/texlive/2024/texmf-dist/tex/generic/pgf/libraries/pgflibraryplothandlers.code.tex
File: pgflibraryplothandlers.code.tex 2023-01-15 v3.1.10 (3.1.10)
\pgf@plot@mark@count=\count337
\pgfplotmarksize=\dimen298
)
\tikz@lastx=\dimen299
\tikz@lasty=\dimen300
\tikz@lastxsaved=\dimen301
\tikz@lastysaved=\dimen302
\tikz@lastmovetox=\dimen303
\tikz@lastmovetoy=\dimen304
\tikzleveldistance=\dimen305
\tikzsiblingdistance=\dimen306
\tikz@figbox=\box77
\tikz@figbox@bg=\box78
\tikz@tempbox=\box79
\tikz@tempbox@bg=\box80
\tikztreelevel=\count338
\tikznumberofchildren=\count339
\tikznumberofcurrentchild=\count340
\tikz@fig@count=\count341
 (/usr/local/texlive/2024/texmf-dist/tex/generic/pgf/modules/pgfmodulematrix.code.tex
File: pgfmodulematrix.code.tex 2023-01-15 v3.1.10 (3.1.10)
\pgfmatrixcurrentrow=\count342
\pgfmatrixcurrentcolumn=\count343
\pgf@matrix@numberofcolumns=\count344
)
\tikz@expandcount=\count345
 (/usr/local/texlive/2024/texmf-dist/tex/generic/pgf/frontendlayer/tikz/libraries/tikzlibrarytopaths.code.tex
File: tikzlibrarytopaths.code.tex 2023-01-15 v3.1.10 (3.1.10)
))) (/usr/local/texlive/2024/texmf-dist/tex/generic/pgf/frontendlayer/tikz/libraries/tikzlibraryshapes.code.tex
File: tikzlibraryshapes.code.tex 2023-01-15 v3.1.10 (3.1.10)
 (/usr/local/texlive/2024/texmf-dist/tex/generic/pgf/frontendlayer/tikz/libraries/tikzlibraryshapes.geometric.code.tex
File: tikzlibraryshapes.geometric.code.tex 2023-01-15 v3.1.10 (3.1.10)
 (/usr/local/texlive/2024/texmf-dist/tex/generic/pgf/libraries/shapes/pgflibraryshapes.geometric.code.tex
File: pgflibraryshapes.geometric.code.tex 2023-01-15 v3.1.10 (3.1.10)
)) (/usr/local/texlive/2024/texmf-dist/tex/generic/pgf/frontendlayer/tikz/libraries/tikzlibraryshapes.misc.code.tex
File: tikzlibraryshapes.misc.code.tex 2023-01-15 v3.1.10 (3.1.10)
 (/usr/local/texlive/2024/texmf-dist/tex/generic/pgf/libraries/shapes/pgflibraryshapes.misc.code.tex
File: pgflibraryshapes.misc.code.tex 2023-01-15 v3.1.10 (3.1.10)
)) (/usr/local/texlive/2024/texmf-dist/tex/generic/pgf/frontendlayer/tikz/libraries/tikzlibraryshapes.symbols.code.tex
File: tikzlibraryshapes.symbols.code.tex 2023-01-15 v3.1.10 (3.1.10)
 (/usr/local/texlive/2024/texmf-dist/tex/generic/pgf/libraries/shapes/pgflibraryshapes.symbols.code.tex
File: pgflibraryshapes.symbols.code.tex 2023-01-15 v3.1.10 (3.1.10)
)) (/usr/local/texlive/2024/texmf-dist/tex/generic/pgf/frontendlayer/tikz/libraries/tikzlibraryshapes.arrows.code.tex
File: tikzlibraryshapes.arrows.code.tex 2023-01-15 v3.1.10 (3.1.10)
 (/usr/local/texlive/2024/texmf-dist/tex/generic/pgf/libraries/shapes/pgflibraryshapes.arrows.code.tex
File: pgflibraryshapes.arrows.code.tex 2023-01-15 v3.1.10 (3.1.10)
)) (/usr/local/texlive/2024/texmf-dist/tex/generic/pgf/frontendlayer/tikz/libraries/tikzlibraryshapes.callouts.code.tex (/usr/local/texlive/2024/texmf-dist/tex/generic/pgf/libraries/shapes/pgflibraryshapes.callouts.code.tex)) (/usr/local/texlive/2024/texmf-dist/tex/generic/pgf/frontendlayer/tikz/libraries/tikzlibraryshapes.multipart.code.tex
File: tikzlibraryshapes.multipart.code.tex 2023-01-15 v3.1.10 (3.1.10)
 (/usr/local/texlive/2024/texmf-dist/tex/generic/pgf/libraries/shapes/pgflibraryshapes.multipart.code.tex
File: pgflibraryshapes.multipart.code.tex 2023-01-15 v3.1.10 (3.1.10)
\pgfnodepartlowerbox=\box81
\pgfnodeparttwobox=\box82
\pgfnodepartthreebox=\box83
\pgfnodepartfourbox=\box84
\pgfnodeparttwentybox=\box85
\pgfnodepartnineteenbox=\box86
\pgfnodeparteighteenbox=\box87
\pgfnodepartseventeenbox=\box88
\pgfnodepartsixteenbox=\box89
\pgfnodepartfifteenbox=\box90
\pgfnodepartfourteenbox=\box91
\pgfnodepartthirteenbox=\box92
\pgfnodeparttwelvebox=\box93
\pgfnodepartelevenbox=\box94
\pgfnodeparttenbox=\box95
\pgfnodepartninebox=\box96
\pgfnodeparteightbox=\box97
\pgfnodepartsevenbox=\box98
\pgfnodepartsixbox=\box99
\pgfnodepartfivebox=\box100
))) (/usr/local/texlive/2024/texmf-dist/tex/generic/pgf/frontendlayer/tikz/libraries/tikzlibraryarrows.code.tex
File: tikzlibraryarrows.code.tex 2023-01-15 v3.1.10 (3.1.10)
 (/usr/local/texlive/2024/texmf-dist/tex/generic/pgf/libraries/pgflibraryarrows.code.tex
File: pgflibraryarrows.code.tex 2023-01-15 v3.1.10 (3.1.10)
\arrowsize=\dimen307
)) (/usr/local/texlive/2024/texmf-dist/tex/latex/beamer/beamerfontthemeserif.sty))

Package hyperref Warning: Token not allowed in a PDF string (Unicode):
(hyperref)                removing `\\' on input line 14.


Package hyperref Warning: Token not allowed in a PDF string (Unicode):
(hyperref)                removing `\new@ifnextchar' on input line 14.


Package hyperref Warning: Token not allowed in a PDF string (Unicode):
(hyperref)                removing `\medskipamount' on input line 14.

(/usr/local/texlive/2024/texmf-dist/tex/latex/appendixnumberbeamer/appendixnumberbeamer.sty) (/usr/local/texlive/2024/texmf-dist/tex/latex/booktabs/booktabs.sty
Package: booktabs 2020/01/12 v1.61803398 Publication quality tables
\heavyrulewidth=\dimen308
\lightrulewidth=\dimen309
\cmidrulewidth=\dimen310
\belowrulesep=\dimen311
\belowbottomsep=\dimen312
\aboverulesep=\dimen313
\abovetopsep=\dimen314
\cmidrulesep=\dimen315
\cmidrulekern=\dimen316
\defaultaddspace=\dimen317
\@cmidla=\count346
\@cmidlb=\count347
\@aboverulesep=\dimen318
\@belowrulesep=\dimen319
\@thisruleclass=\count348
\@lastruleclass=\count349
\@thisrulewidth=\dimen320
) (/usr/local/texlive/2024/texmf-dist/tex/latex/subfigure/subfigure.sty
Package: subfigure 2002/03/15 v2.1.5 subfigure package
\subfigtopskip=\skip65
\subfigcapskip=\skip66
\subfigcaptopadj=\dimen321
\subfigbottomskip=\skip67
\subfigcapmargin=\dimen322
\subfiglabelskip=\skip68
\c@subfigure=\count350
\c@lofdepth=\count351
\c@subtable=\count352
\c@lotdepth=\count353

****************************************
* Local config file subfigure.cfg used *
****************************************
(/usr/local/texlive/2024/texmf-dist/tex/latex/subfigure/subfigure.cfg)
\subfig@top=\skip69
\subfig@bottom=\skip70
) (/usr/local/texlive/2024/texmf-dist/tex/latex/natbib/natbib.sty
Package: natbib 2010/09/13 8.31b (PWD, AO)
\bibhang=\skip71
\bibsep=\skip72
LaTeX Info: Redefining \cite on input line 694.
\c@NAT@ctr=\count354
) (/usr/local/texlive/2024/texmf-dist/tex/latex/mathtools/mathtools.sty
Package: mathtools 2024/03/11 v1.30 mathematical typesetting tools
 (/usr/local/texlive/2024/texmf-dist/tex/latex/tools/calc.sty
Package: calc 2023/07/08 v4.3 Infix arithmetic (KKT,FJ)
\calc@Acount=\count355
\calc@Bcount=\count356
\calc@Adimen=\dimen323
\calc@Bdimen=\dimen324
\calc@Askip=\skip73
\calc@Bskip=\skip74
LaTeX Info: Redefining \setlength on input line 80.
LaTeX Info: Redefining \addtolength on input line 81.
\calc@Ccount=\count357
\calc@Cskip=\skip75
) (/usr/local/texlive/2024/texmf-dist/tex/latex/mathtools/mhsetup.sty
Package: mhsetup 2021/03/18 v1.4 programming setup (MH)
)
\g_MT_multlinerow_int=\count358
\l_MT_multwidth_dim=\dimen325
\origjot=\skip76
\l_MT_shortvdotswithinadjustabove_dim=\dimen326
\l_MT_shortvdotswithinadjustbelow_dim=\dimen327
\l_MT_above_intertext_sep=\dimen328
\l_MT_below_intertext_sep=\dimen329
\l_MT_above_shortintertext_sep=\dimen330
\l_MT_below_shortintertext_sep=\dimen331
\xmathstrut@box=\box101
\xmathstrut@dim=\dimen332
) (/usr/local/texlive/2024/texmf-dist/tex/latex/bbm-macros/bbm.sty
Package: bbm 1999/03/15 V 1.2 provides fonts for set symbols - TH
LaTeX Font Info:    Overwriting math alphabet `\mathbbm' in version `bold'
(Font)                  U/bbm/m/n --> U/bbm/bx/n on input line 33.
LaTeX Font Info:    Overwriting math alphabet `\mathbbmss' in version `bold'
(Font)                  U/bbmss/m/n --> U/bbmss/bx/n on input line 35.
) (/usr/local/texlive/2024/texmf-dist/tex/latex/algorithms/algorithm.sty
Package: algorithm 2009/08/24 v0.1 Document Style `algorithm' - floating environment
 (/usr/local/texlive/2024/texmf-dist/tex/latex/float/float.sty
Package: float 2001/11/08 v1.3d Float enhancements (AL)
\c@float@type=\count359
\float@exts=\toks48
\float@box=\box102
\@float@everytoks=\toks49
\@floatcapt=\box103
) (/usr/local/texlive/2024/texmf-dist/tex/latex/base/ifthen.sty
Package: ifthen 2022/04/13 v1.1d Standard LaTeX ifthen package (DPC)
)
\@float@every@algorithm=\toks50
\c@algorithm=\count360
) (/usr/local/texlive/2024/texmf-dist/tex/latex/algorithms/algorithmic.sty
Package: algorithmic 2009/08/24 v0.1 Document Style `algorithmic'
\c@ALC@unique=\count361
\c@ALC@line=\count362
\c@ALC@rem=\count363
\c@ALC@depth=\count364
\ALC@tlm=\skip77
\algorithmicindent=\skip78
) (/usr/local/texlive/2024/texmf-dist/tex/latex/caption/subcaption.sty
Package: subcaption 2023/07/28 v1.6b Sub-captions (AR)
 (/usr/local/texlive/2024/texmf-dist/tex/latex/caption/caption.sty
Package: caption 2023/08/05 v3.6o Customizing captions (AR)
 (/usr/local/texlive/2024/texmf-dist/tex/latex/caption/caption3.sty
Package: caption3 2023/07/31 v2.4d caption3 kernel (AR)
\caption@tempdima=\dimen333
\captionmargin=\dimen334
\caption@leftmargin=\dimen335
\caption@rightmargin=\dimen336
\caption@width=\dimen337
\caption@indent=\dimen338
\caption@parindent=\dimen339
\caption@hangindent=\dimen340
Package caption Info: beamer document class detected.
 (/usr/local/texlive/2024/texmf-dist/tex/latex/caption/caption-beamer.sto
File: caption-beamer.sto 2022/01/06 v2.0c Adaption of the caption package to the beamer document classes (AR)
))
\c@caption@flags=\count365
\c@continuedfloat=\count366
Package caption Info: float package is loaded.
Package caption Info: hyperref package is loaded.
Package caption Info: Hyperref support is turned off
(caption)             because hyperref has stopped early.
Package caption Info: subfigure package is loaded.
)
LaTeX Info: Redefining \subref on input line 189.
Package subcaption Info: The counter `subfigure' was already defined by
(subcaption)             an unknown document class or package on input line 238.
Package subcaption Info: The counter `subtable' was already defined by
(subcaption)             an unknown document class or package on input line 238.
) (/usr/local/texlive/2024/texmf-dist/tex/latex/tools/bm.sty
Package: bm 2023/07/08 v1.2f Bold Symbol Support (DPC/FMi)
\symboldoperators=\mathgroup6
\symboldletters=\mathgroup7
\symboldsymbols=\mathgroup8
Package bm Info: No bold for \OMX/cmex/m/n, using \pmb.
Package bm Info: No bold for \U/msa/m/n, using \pmb.
Package bm Info: No bold for \U/msb/m/n, using \pmb.
LaTeX Font Info:    Redeclaring math alphabet \mathbf on input line 149.
) (/usr/local/texlive/2024/texmf-dist/tex/latex/multirow/multirow.sty
Package: multirow 2021/03/15 v2.8 Span multiple rows of a table
\multirow@colwidth=\skip79
\multirow@cntb=\count367
\multirow@dima=\skip80
\bigstrutjot=\dimen341
) (/usr/local/texlive/2024/texmf-dist/tex/generic/pgf/frontendlayer/tikz/libraries/tikzlibrarypositioning.code.tex
File: tikzlibrarypositioning.code.tex 2023-01-15 v3.1.10 (3.1.10)
) (/usr/local/texlive/2024/texmf-dist/tex/generic/pgf/frontendlayer/tikz/libraries/tikzlibrarycalc.code.tex
File: tikzlibrarycalc.code.tex 2023-01-15 v3.1.10 (3.1.10)
) (/usr/local/texlive/2024/texmf-dist/tex/generic/pgf/frontendlayer/tikz/libraries/tikzlibraryfit.code.tex
File: tikzlibraryfit.code.tex 2023-01-15 v3.1.10 (3.1.10)
) (/usr/local/texlive/2024/texmf-dist/tex/generic/pgf/frontendlayer/tikz/libraries/tikzlibrarydecorations.pathreplacing.code.tex (/usr/local/texlive/2024/texmf-dist/tex/generic/pgf/frontendlayer/tikz/libraries/tikzlibrarydecorations.code.tex (/usr/local/texlive/2024/texmf-dist/tex/generic/pgf/modules/pgfmoduledecorations.code.tex
\pgfdecoratedcompleteddistance=\dimen342
\pgfdecoratedremainingdistance=\dimen343
\pgfdecoratedinputsegmentcompleteddistance=\dimen344
\pgfdecoratedinputsegmentremainingdistance=\dimen345
\pgf@decorate@distancetomove=\dimen346
\pgf@decorate@repeatstate=\count368
\pgfdecorationsegmentamplitude=\dimen347
\pgfdecorationsegmentlength=\dimen348
)
\tikz@lib@dec@box=\box104
) (/usr/local/texlive/2024/texmf-dist/tex/generic/pgf/libraries/decorations/pgflibrarydecorations.pathreplacing.code.tex))
\c@assumption=\count369
\c@proposition=\count370
 (/usr/local/texlive/2024/texmf-dist/tex/latex/l3backend/l3backend-pdftex.def
File: l3backend-pdftex.def 2024-02-20 L3 backend support: PDF output (pdfTeX)
\l__color_backend_stack_int=\count371
\l__pdf_internal_box=\box105
) (./pre.aux)
\openout1 = `pre.aux'.

LaTeX Font Info:    Checking defaults for OML/cmm/m/it on input line 102.
LaTeX Font Info:    ... okay on input line 102.
LaTeX Font Info:    Checking defaults for OMS/cmsy/m/n on input line 102.
LaTeX Font Info:    ... okay on input line 102.
LaTeX Font Info:    Checking defaults for OT1/cmr/m/n on input line 102.
LaTeX Font Info:    ... okay on input line 102.
LaTeX Font Info:    Checking defaults for T1/cmr/m/n on input line 102.
LaTeX Font Info:    ... okay on input line 102.
LaTeX Font Info:    Checking defaults for TS1/cmr/m/n on input line 102.
LaTeX Font Info:    ... okay on input line 102.
LaTeX Font Info:    Checking defaults for OMX/cmex/m/n on input line 102.
LaTeX Font Info:    ... okay on input line 102.
LaTeX Font Info:    Checking defaults for U/cmr/m/n on input line 102.
LaTeX Font Info:    ... okay on input line 102.
LaTeX Font Info:    Checking defaults for PD1/pdf/m/n on input line 102.
LaTeX Font Info:    ... okay on input line 102.
LaTeX Font Info:    Checking defaults for PU/pdf/m/n on input line 102.
LaTeX Font Info:    ... okay on input line 102.

*geometry* driver: auto-detecting
*geometry* detected driver: pdftex
*geometry* verbose mode - [ preamble ] result:
* driver: pdftex
* paper: custom
* layout: <same size as paper>
* layoutoffset:(h,v)=(0.0pt,0.0pt)
* modes: includehead includefoot 
* h-part:(L,W,R)=(28.45274pt, 307.28987pt, 28.45274pt)
* v-part:(T,H,B)=(0.0pt, 273.14662pt, 0.0pt)
* \paperwidth=364.19536pt
* \paperheight=273.14662pt
* \textwidth=307.28987pt
* \textheight=244.6939pt
* \oddsidemargin=-43.81725pt
* \evensidemargin=-43.81725pt
* \topmargin=-72.26999pt
* \headheight=14.22636pt
* \headsep=0.0pt
* \topskip=9.0pt
* \footskip=14.22636pt
* \marginparwidth=4.0pt
* \marginparsep=10.0pt
* \columnsep=10.0pt
* \skip\footins=8.0pt plus 4.0pt minus 2.0pt
* \hoffset=0.0pt
* \voffset=0.0pt
* \mag=1000
* \@twocolumnfalse
* \@twosidefalse
* \@mparswitchfalse
* \@reversemarginfalse
* (1in=72.27pt=25.4mm, 1cm=28.453pt)

(/usr/local/texlive/2024/texmf-dist/tex/context/base/mkii/supp-pdf.mkii
[Loading MPS to PDF converter (version 2006.09.02).]
\scratchcounter=\count372
\scratchdimen=\dimen349
\scratchbox=\box106
\nofMPsegments=\count373
\nofMParguments=\count374
\everyMPshowfont=\toks51
\MPscratchCnt=\count375
\MPscratchDim=\dimen350
\MPnumerator=\count376
\makeMPintoPDFobject=\count377
\everyMPtoPDFconversion=\toks52
) (/usr/local/texlive/2024/texmf-dist/tex/latex/epstopdf-pkg/epstopdf-base.sty
Package: epstopdf-base 2020-01-24 v2.11 Base part for package epstopdf
Package epstopdf-base Info: Redefining graphics rule for `.eps' on input line 485.
 (/usr/local/texlive/2024/texmf-dist/tex/latex/latexconfig/epstopdf-sys.cfg
File: epstopdf-sys.cfg 2010/07/13 v1.3 Configuration of (r)epstopdf for TeX Live
))
Package hyperref Info: Link coloring OFF on input line 102.
 (./pre.out) (./pre.out)
\@outlinefile=\write5
\openout5 = `pre.out'.

 (/usr/local/texlive/2024/texmf-dist/tex/latex/translator/translator-basic-dictionary-English.dict
Dictionary: translator-basic-dictionary, Language: English 
) (/usr/local/texlive/2024/texmf-dist/tex/latex/translator/translator-bibliography-dictionary-English.dict
Dictionary: translator-bibliography-dictionary, Language: English 
) (/usr/local/texlive/2024/texmf-dist/tex/latex/translator/translator-environment-dictionary-English.dict
Dictionary: translator-environment-dictionary, Language: English 
) (/usr/local/texlive/2024/texmf-dist/tex/latex/translator/translator-months-dictionary-English.dict
Dictionary: translator-months-dictionary, Language: English 
) (/usr/local/texlive/2024/texmf-dist/tex/latex/translator/translator-numbers-dictionary-English.dict
Dictionary: translator-numbers-dictionary, Language: English 
) (/usr/local/texlive/2024/texmf-dist/tex/latex/translator/translator-theorem-dictionary-English.dict
Dictionary: translator-theorem-dictionary, Language: English 
)
Package caption Info: Begin \AtBeginDocument code.
Package caption Info: End \AtBeginDocument code.
 (./pre.nav)
Overfull \hbox (171.96246pt too wide) in paragraph at lines 102--102
 [][][][]  
 []


Overfull \hbox (174.17477pt too wide) detected at line 102
  [] [] [] [] [] []  
 []


Overfull \hbox (171.96246pt too wide) in paragraph at lines 109--109
 [][][][]  
 []


Overfull \hbox (174.17477pt too wide) detected at line 109
  [] [] [] [] [] []  
 []

<./UniversityOfWaterloo_logo_vert_rev_rgb.png, id=53, 505.89pt x 328.5876pt>
File: ./UniversityOfWaterloo_logo_vert_rev_rgb.png Graphic file (type png)
<use ./UniversityOfWaterloo_logo_vert_rev_rgb.png>
Package pdftex.def Info: ./UniversityOfWaterloo_logo_vert_rev_rgb.png  used on input line 109.
(pdftex.def)             Requested size: 122.91406pt x 79.83531pt.
[1

{/usr/local/texlive/2024/texmf-var/fonts/map/pdftex/updmap/pdftex.map} <./UniversityOfWaterloo_logo_vert_rev_rgb.png>]
Overfull \hbox (171.96246pt too wide) in paragraph at lines 120--120
 [][][][]  
 []

(./pre.toc)
Overfull \hbox (171.96246pt too wide) has occurred while \output is active
 [][][][]  
 []

[2

]
Overfull \hbox (171.96246pt too wide) in paragraph at lines 140--140
 [][][][]  
 []


Overfull \hbox (174.17477pt too wide) detected at line 140
  [] [] [] [] [] []  
 []

LaTeX Font Info:    Trying to load font information for U+msa on input line 140.
(/usr/local/texlive/2024/texmf-dist/tex/latex/amsfonts/umsa.fd
File: umsa.fd 2013/01/14 v3.01 AMS symbols A
)
LaTeX Font Info:    Trying to load font information for U+msb on input line 140.
 (/usr/local/texlive/2024/texmf-dist/tex/latex/amsfonts/umsb.fd
File: umsb.fd 2013/01/14 v3.01 AMS symbols B
)
Overfull \hbox (174.17477pt too wide) has occurred while \output is active
  [] [] [] [] [] []  
 []


Overfull \hbox (171.96246pt too wide) has occurred while \output is active
 [][][][]  
 []

[3

]
Overfull \hbox (171.96246pt too wide) in paragraph at lines 169--169
 [][][][]  
 []


Overfull \hbox (174.17477pt too wide) detected at line 169
  [] [] [] [] [] []  
 []

LaTeX Font Info:    Trying to load font information for U+bbm on input line 169.
(/usr/local/texlive/2024/texmf-dist/tex/latex/bbm-macros/ubbm.fd
File: ubbm.fd 1999/03/15 V 1.2 Font definition for bbm font - TH
)
Overfull \hbox (174.17477pt too wide) has occurred while \output is active
  [] [] [] [] [] []  
 []


Overfull \hbox (171.96246pt too wide) has occurred while \output is active
 [][][][]  
 []

[4

]
Overfull \hbox (171.96246pt too wide) in paragraph at lines 184--184
 [][][][]  
 []


Overfull \hbox (174.17477pt too wide) detected at line 184
  [] [] [] [] [] []  
 []


Overfull \hbox (174.17477pt too wide) has occurred while \output is active
  [] [] [] [] [] []  
 []


Overfull \hbox (171.96246pt too wide) has occurred while \output is active
 [][][][]  
 []

[5

]
Overfull \hbox (171.96246pt too wide) in paragraph at lines 204--204
 [][][][]  
 []


Overfull \hbox (174.17477pt too wide) detected at line 204
  [] [] [] [] [] []  
 []


Overfull \hbox (174.17477pt too wide) has occurred while \output is active
  [] [] [] [] [] []  
 []


Overfull \hbox (171.96246pt too wide) has occurred while \output is active
 [][][][]  
 []

[6

]
Overfull \hbox (171.96246pt too wide) in paragraph at lines 220--220
 [][][][]  
 []


Overfull \hbox (174.17477pt too wide) detected at line 220
  [] [] [] [] [] []  
 []


Overfull \hbox (174.17477pt too wide) has occurred while \output is active
  [] [] [] [] [] []  
 []


Overfull \hbox (171.96246pt too wide) has occurred while \output is active
 [][][][]  
 []

[7

]
Overfull \hbox (171.96246pt too wide) in paragraph at lines 234--234
 [][][][]  
 []


Overfull \hbox (174.17477pt too wide) detected at line 234
  [] [] [] [] [] []  
 []


Overfull \hbox (174.17477pt too wide) has occurred while \output is active
  [] [] [] [] [] []  
 []


Overfull \hbox (171.96246pt too wide) has occurred while \output is active
 [][][][]  
 []

[8

]
Overfull \hbox (171.96246pt too wide) in paragraph at lines 264--264
 [][][][]  
 []


Overfull \hbox (174.17477pt too wide) detected at line 264
  [] [] [] [] [] []  
 []


Overfull \hbox (174.17477pt too wide) has occurred while \output is active
  [] [] [] [] [] []  
 []


Overfull \hbox (171.96246pt too wide) has occurred while \output is active
 [][][][]  
 []

[9

]
Overfull \hbox (171.96246pt too wide) in paragraph at lines 284--284
 [][][][]  
 []


Overfull \hbox (174.17477pt too wide) detected at line 284
  [] [] [] [] [] []  
 []


Overfull \hbox (174.17477pt too wide) has occurred while \output is active
  [] [] [] [] [] []  
 []


Overfull \hbox (171.96246pt too wide) has occurred while \output is active
 [][][][]  
 []

[10

]
Overfull \hbox (171.96246pt too wide) in paragraph at lines 298--298
 [][][][]  
 []


Overfull \hbox (174.17477pt too wide) detected at line 298
  [] [] [] [] [] []  
 []


Overfull \hbox (174.17477pt too wide) has occurred while \output is active
  [] [] [] [] [] []  
 []


Overfull \hbox (171.96246pt too wide) has occurred while \output is active
 [][][][]  
 []

[11

]
Overfull \hbox (171.96246pt too wide) in paragraph at lines 322--322
 [][][][]  
 []


Overfull \hbox (174.17477pt too wide) detected at line 322
  [] [] [] [] [] []  
 []


Overfull \hbox (174.17477pt too wide) has occurred while \output is active
  [] [] [] [] [] []  
 []


Overfull \hbox (171.96246pt too wide) has occurred while \output is active
 [][][][]  
 []

[12

]
Overfull \hbox (171.96246pt too wide) in paragraph at lines 331--331
 [][][][]  
 []


Overfull \hbox (174.17477pt too wide) detected at line 331
  [] [] [] [] [] []  
 []

<../project1/figures/figure1.png, id=298, 578.16pt x 325.215pt>
File: ../project1/figures/figure1.png Graphic file (type png)
<use ../project1/figures/figure1.png>
Package pdftex.def Info: ../project1/figures/figure1.png  used on input line 331.
(pdftex.def)             Requested size: 307.28987pt x 172.84944pt.

Overfull \hbox (174.17477pt too wide) has occurred while \output is active
  [] [] [] [] [] []  
 []


Overfull \hbox (171.96246pt too wide) has occurred while \output is active
 [][][][]  
 []

[13

 <../project1/figures/figure1.png>]
Overfull \hbox (171.96246pt too wide) in paragraph at lines 344--344
 [][][][]  
 []


Overfull \hbox (174.17477pt too wide) detected at line 344
  [] [] [] [] [] []  
 []

<../project1/figures/figure2a.png, id=318, 578.16pt x 325.215pt>
File: ../project1/figures/figure2a.png Graphic file (type png)
<use ../project1/figures/figure2a.png>
Package pdftex.def Info: ../project1/figures/figure2a.png  used on input line 344.
(pdftex.def)             Requested size: 307.28987pt x 172.84944pt.

Overfull \hbox (174.17477pt too wide) has occurred while \output is active
  [] [] [] [] [] []  
 []


Overfull \hbox (171.96246pt too wide) has occurred while \output is active
 [][][][]  
 []

[14

 <../project1/figures/figure2a.png>]
Overfull \hbox (171.96246pt too wide) in paragraph at lines 357--357
 [][][][]  
 []


Overfull \hbox (174.17477pt too wide) detected at line 357
  [] [] [] [] [] []  
 []

<../project1/figures/figure2b.png, id=337, 578.16pt x 325.215pt>
File: ../project1/figures/figure2b.png Graphic file (type png)
<use ../project1/figures/figure2b.png>
Package pdftex.def Info: ../project1/figures/figure2b.png  used on input line 357.
(pdftex.def)             Requested size: 307.28987pt x 172.84944pt.

Overfull \hbox (174.17477pt too wide) has occurred while \output is active
  [] [] [] [] [] []  
 []


Overfull \hbox (171.96246pt too wide) has occurred while \output is active
 [][][][]  
 []

[15

 <../project1/figures/figure2b.png>]
Overfull \hbox (171.96246pt too wide) in paragraph at lines 371--371
 [][][][]  
 []


Overfull \hbox (174.17477pt too wide) detected at line 371
  [] [] [] [] [] []  
 []

<../project1/figures/figure3.png, id=356, 578.16pt x 325.215pt>
File: ../project1/figures/figure3.png Graphic file (type png)
<use ../project1/figures/figure3.png>
Package pdftex.def Info: ../project1/figures/figure3.png  used on input line 371.
(pdftex.def)             Requested size: 307.28987pt x 172.84944pt.

Overfull \hbox (174.17477pt too wide) has occurred while \output is active
  [] [] [] [] [] []  
 []


Overfull \hbox (171.96246pt too wide) has occurred while \output is active
 [][][][]  
 []

[16

 <../project1/figures/figure3.png>]
Overfull \hbox (171.96246pt too wide) in paragraph at lines 384--384
 [][][][]  
 []


Overfull \hbox (174.17477pt too wide) detected at line 384
  [] [] [] [] [] []  
 []

<../project1/figures/figure6a.png, id=375, 578.16pt x 325.215pt>
File: ../project1/figures/figure6a.png Graphic file (type png)
<use ../project1/figures/figure6a.png>
Package pdftex.def Info: ../project1/figures/figure6a.png  used on input line 384.
(pdftex.def)             Requested size: 307.28987pt x 172.84944pt.

Overfull \hbox (174.17477pt too wide) has occurred while \output is active
  [] [] [] [] [] []  
 []


Overfull \hbox (171.96246pt too wide) has occurred while \output is active
 [][][][]  
 []

[17

 <../project1/figures/figure6a.png>]
Overfull \hbox (171.96246pt too wide) in paragraph at lines 397--397
 [][][][]  
 []


Overfull \hbox (174.17477pt too wide) detected at line 397
  [] [] [] [] [] []  
 []

<../project1/figures/figure8a.png, id=394, 578.16pt x 325.215pt>
File: ../project1/figures/figure8a.png Graphic file (type png)
<use ../project1/figures/figure8a.png>
Package pdftex.def Info: ../project1/figures/figure8a.png  used on input line 397.
(pdftex.def)             Requested size: 307.28987pt x 172.84944pt.

Overfull \hbox (174.17477pt too wide) has occurred while \output is active
  [] [] [] [] [] []  
 []


Overfull \hbox (171.96246pt too wide) has occurred while \output is active
 [][][][]  
 []

[18

 <../project1/figures/figure8a.png>]
Overfull \hbox (171.96246pt too wide) in paragraph at lines 410--410
 [][][][]  
 []


Overfull \hbox (174.17477pt too wide) detected at line 410
  [] [] [] [] [] []  
 []

<../project1/figures/figure9a.png, id=414, 578.16pt x 325.215pt>
File: ../project1/figures/figure9a.png Graphic file (type png)
<use ../project1/figures/figure9a.png>
Package pdftex.def Info: ../project1/figures/figure9a.png  used on input line 410.
(pdftex.def)             Requested size: 307.28987pt x 172.84944pt.

Overfull \hbox (174.17477pt too wide) has occurred while \output is active
  [] [] [] [] [] []  
 []


Overfull \hbox (171.96246pt too wide) has occurred while \output is active
 [][][][]  
 []

[19

 <../project1/figures/figure9a.png>]
Overfull \hbox (171.96246pt too wide) in paragraph at lines 423--423
 [][][][]  
 []


Overfull \hbox (174.17477pt too wide) detected at line 423
  [] [] [] [] [] []  
 []

<../project1/figures/figure10a.png, id=434, 578.16pt x 325.215pt>
File: ../project1/figures/figure10a.png Graphic file (type png)
<use ../project1/figures/figure10a.png>
Package pdftex.def Info: ../project1/figures/figure10a.png  used on input line 423.
(pdftex.def)             Requested size: 307.28987pt x 172.84944pt.

Overfull \hbox (174.17477pt too wide) has occurred while \output is active
  [] [] [] [] [] []  
 []


Overfull \hbox (171.96246pt too wide) has occurred while \output is active
 [][][][]  
 []

[20

 <../project1/figures/figure10a.png>]
Overfull \hbox (171.96246pt too wide) in paragraph at lines 437--437
 [][][][]  
 []


Overfull \hbox (174.17477pt too wide) detected at line 437
  [] [] [] [] [] []  
 []


Overfull \hbox (174.17477pt too wide) has occurred while \output is active
  [] [] [] [] [] []  
 []


Overfull \hbox (171.96246pt too wide) has occurred while \output is active
 [][][][]  
 []

[21

]
Overfull \hbox (171.96246pt too wide) in paragraph at lines 446--446
 [][][][]  
 []


Overfull \hbox (174.17477pt too wide) detected at line 446
  [] [] [] [] [] []  
 []

<../project1/figures/figure11b.png, id=470, 578.16pt x 325.215pt>
File: ../project1/figures/figure11b.png Graphic file (type png)
<use ../project1/figures/figure11b.png>
Package pdftex.def Info: ../project1/figures/figure11b.png  used on input line 446.
(pdftex.def)             Requested size: 307.28987pt x 172.84944pt.

Overfull \hbox (174.17477pt too wide) has occurred while \output is active
  [] [] [] [] [] []  
 []


Overfull \hbox (171.96246pt too wide) has occurred while \output is active
 [][][][]  
 []

[22

 <../project1/figures/figure11b.png>]
Overfull \hbox (171.96246pt too wide) in paragraph at lines 455--455
 [][][][]  
 []


Overfull \hbox (174.17477pt too wide) detected at line 455
  [] [] [] [] [] []  
 []

<../project1/figures/figure12a.png, id=489, 578.16pt x 325.215pt>
File: ../project1/figures/figure12a.png Graphic file (type png)
<use ../project1/figures/figure12a.png>
Package pdftex.def Info: ../project1/figures/figure12a.png  used on input line 455.
(pdftex.def)             Requested size: 307.28987pt x 172.84944pt.

Overfull \hbox (174.17477pt too wide) has occurred while \output is active
  [] [] [] [] [] []  
 []


Overfull \hbox (171.96246pt too wide) has occurred while \output is active
 [][][][]  
 []

[23

 <../project1/figures/figure12a.png>]
Overfull \hbox (171.96246pt too wide) in paragraph at lines 464--464
 [][][][]  
 []


Overfull \hbox (174.17477pt too wide) detected at line 464
  [] [] [] [] [] []  
 []

<../project1/figures/figure12b.png, id=508, 578.16pt x 325.215pt>
File: ../project1/figures/figure12b.png Graphic file (type png)
<use ../project1/figures/figure12b.png>
Package pdftex.def Info: ../project1/figures/figure12b.png  used on input line 464.
(pdftex.def)             Requested size: 307.28987pt x 172.84944pt.

Overfull \hbox (174.17477pt too wide) has occurred while \output is active
  [] [] [] [] [] []  
 []


Overfull \hbox (171.96246pt too wide) has occurred while \output is active
 [][][][]  
 []

[24

 <../project1/figures/figure12b.png>]
Overfull \hbox (171.96246pt too wide) in paragraph at lines 487--487
 [][][][]  
 []


Overfull \hbox (174.17477pt too wide) detected at line 487
  [] [] [] [] [] []  
 []


Overfull \hbox (174.17477pt too wide) has occurred while \output is active
  [] [] [] [] [] []  
 []


Overfull \hbox (171.96246pt too wide) has occurred while \output is active
 [][][][]  
 []

[25

]
Overfull \hbox (171.96246pt too wide) in paragraph at lines 555--555
 [][][][]  
 []


Overfull \hbox (174.17477pt too wide) detected at line 555
  [] [] [] [] [] []  
 []


Overfull \hbox (174.17477pt too wide) has occurred while \output is active
  [] [] [] [] [] []  
 []


Overfull \hbox (171.96246pt too wide) has occurred while \output is active
 [][][][]  
 []

[26

]
Overfull \hbox (171.96246pt too wide) in paragraph at lines 565--565
 [][][][]  
 []


Overfull \hbox (174.17477pt too wide) detected at line 565
  [] [] [] [] [] []  
 []

<../project2/figures/sns.pdf, id=564, 481.51494pt x 207.27136pt>
File: ../project2/figures/sns.pdf Graphic file (type pdf)
<use ../project2/figures/sns.pdf>
Package pdftex.def Info: ../project2/figures/sns.pdf  used on input line 565.
(pdftex.def)             Requested size: 307.28987pt x 132.27684pt.

Overfull \hbox (174.17477pt too wide) has occurred while \output is active
  [] [] [] [] [] []  
 []


Overfull \hbox (171.96246pt too wide) has occurred while \output is active
 [][][][]  
 []

[27

 <../project2/figures/sns.pdf>]
Overfull \hbox (171.96246pt too wide) in paragraph at lines 590--590
 [][][][]  
 []


Overfull \hbox (174.17477pt too wide) detected at line 590
  [] [] [] [] [] []  
 []


Overfull \hbox (174.17477pt too wide) has occurred while \output is active
  [] [] [] [] [] []  
 []


Overfull \hbox (171.96246pt too wide) has occurred while \output is active
 [][][][]  
 []

[28

]
Overfull \hbox (171.96246pt too wide) in paragraph at lines 618--618
 [][][][]  
 []


Overfull \hbox (174.17477pt too wide) detected at line 618
  [] [] [] [] [] []  
 []


Overfull \hbox (174.17477pt too wide) has occurred while \output is active
  [] [] [] [] [] []  
 []


Overfull \hbox (171.96246pt too wide) has occurred while \output is active
 [][][][]  
 []

[29

]
Overfull \hbox (171.96246pt too wide) in paragraph at lines 645--645
 [][][][]  
 []


Overfull \hbox (174.17477pt too wide) detected at line 645
  [] [] [] [] [] []  
 []


Overfull \hbox (174.17477pt too wide) has occurred while \output is active
  [] [] [] [] [] []  
 []


Overfull \hbox (171.96246pt too wide) has occurred while \output is active
 [][][][]  
 []

[30

]
Overfull \hbox (171.96246pt too wide) in paragraph at lines 671--671
 [][][][]  
 []


Overfull \hbox (174.17477pt too wide) detected at line 671
  [] [] [] [] [] []  
 []


Overfull \hbox (174.17477pt too wide) has occurred while \output is active
  [] [] [] [] [] []  
 []


Overfull \hbox (171.96246pt too wide) has occurred while \output is active
 [][][][]  
 []

[31

]
Overfull \hbox (171.96246pt too wide) in paragraph at lines 698--698
 [][][][]  
 []


Overfull \hbox (174.17477pt too wide) detected at line 698
  [] [] [] [] [] []  
 []


Overfull \hbox (174.17477pt too wide) has occurred while \output is active
  [] [] [] [] [] []  
 []


Overfull \hbox (171.96246pt too wide) has occurred while \output is active
 [][][][]  
 []

[32

]
Overfull \hbox (171.96246pt too wide) in paragraph at lines 715--715
 [][][][]  
 []


Overfull \hbox (174.17477pt too wide) detected at line 715
  [] [] [] [] [] []  
 []


Overfull \hbox (174.17477pt too wide) has occurred while \output is active
  [] [] [] [] [] []  
 []


Overfull \hbox (171.96246pt too wide) has occurred while \output is active
 [][][][]  
 []

[33

]
Overfull \hbox (171.96246pt too wide) in paragraph at lines 736--736
 [][][][]  
 []


Overfull \hbox (174.17477pt too wide) detected at line 736
  [] [] [] [] [] []  
 []

<../project2/figures/datasets.png, id=733, 867.24pt x 289.08pt>
File: ../project2/figures/datasets.png Graphic file (type png)
<use ../project2/figures/datasets.png>
Package pdftex.def Info: ../project2/figures/datasets.png  used on input line 736.
(pdftex.def)             Requested size: 307.28987pt x 102.42783pt.

Overfull \hbox (174.17477pt too wide) has occurred while \output is active
  [] [] [] [] [] []  
 []


Overfull \hbox (171.96246pt too wide) has occurred while \output is active
 [][][][]  
 []

[34

 <../project2/figures/datasets.png>]
Overfull \hbox (171.96246pt too wide) in paragraph at lines 765--765
 [][][][]  
 []


Overfull \hbox (174.17477pt too wide) detected at line 765
  [] [] [] [] [] []  
 []


Overfull \hbox (174.17477pt too wide) has occurred while \output is active
  [] [] [] [] [] []  
 []


Overfull \hbox (171.96246pt too wide) has occurred while \output is active
 [][][][]  
 []

[35

]
Overfull \hbox (171.96246pt too wide) in paragraph at lines 780--780
 [][][][]  
 []


Overfull \hbox (174.17477pt too wide) detected at line 780
  [] [] [] [] [] []  
 []

<../project2/figures/qqPlots/mlrLN.png, id=771, 462.528pt x 346.896pt>
File: ../project2/figures/qqPlots/mlrLN.png Graphic file (type png)
<use ../project2/figures/qqPlots/mlrLN.png>
Package pdftex.def Info: ../project2/figures/qqPlots/mlrLN.png  used on input line 780.
(pdftex.def)             Requested size: 147.49782pt x 110.62257pt.
<../project2/figures/qqPlots/qprLN.png, id=772, 462.528pt x 346.896pt>
File: ../project2/figures/qqPlots/qprLN.png Graphic file (type png)
<use ../project2/figures/qqPlots/qprLN.png>
Package pdftex.def Info: ../project2/figures/qqPlots/qprLN.png  used on input line 780.
(pdftex.def)             Requested size: 147.49782pt x 110.62257pt.

Overfull \hbox (174.17477pt too wide) has occurred while \output is active
  [] [] [] [] [] []  
 []


Overfull \hbox (171.96246pt too wide) has occurred while \output is active
 [][][][]  
 []

[36

 <../project2/figures/qqPlots/mlrLN.png> <../project2/figures/qqPlots/qprLN.png>]
Overfull \hbox (171.96246pt too wide) in paragraph at lines 796--796
 [][][][]  
 []


Overfull \hbox (174.17477pt too wide) detected at line 796
  [] [] [] [] [] []  
 []

<../project2/figures/qqPlots/fnnLN.png, id=792, 462.528pt x 346.896pt>
File: ../project2/figures/qqPlots/fnnLN.png Graphic file (type png)
<use ../project2/figures/qqPlots/fnnLN.png>
Package pdftex.def Info: ../project2/figures/qqPlots/fnnLN.png  used on input line 796.
(pdftex.def)             Requested size: 147.49782pt x 110.62257pt.
<../project2/figures/qqPlots/lstmLoCapLN.png, id=793, 462.528pt x 346.896pt>
File: ../project2/figures/qqPlots/lstmLoCapLN.png Graphic file (type png)
<use ../project2/figures/qqPlots/lstmLoCapLN.png>
Package pdftex.def Info: ../project2/figures/qqPlots/lstmLoCapLN.png  used on input line 796.
(pdftex.def)             Requested size: 147.49782pt x 110.62257pt.

Overfull \hbox (174.17477pt too wide) has occurred while \output is active
  [] [] [] [] [] []  
 []


Overfull \hbox (171.96246pt too wide) has occurred while \output is active
 [][][][]  
 []

[37

 <../project2/figures/qqPlots/fnnLN.png> <../project2/figures/qqPlots/lstmLoCapLN.png>]
Overfull \hbox (171.96246pt too wide) in paragraph at lines 826--826
 [][][][]  
 []


Overfull \hbox (174.17477pt too wide) detected at line 826
  [] [] [] [] [] []  
 []


Overfull \hbox (11.84073pt too wide) in paragraph at lines 826--826
 [] 
 []


Overfull \hbox (174.17477pt too wide) has occurred while \output is active
  [] [] [] [] [] []  
 []


Overfull \hbox (171.96246pt too wide) has occurred while \output is active
 [][][][]  
 []

[38

]
Overfull \hbox (171.96246pt too wide) in paragraph at lines 841--841
 [][][][]  
 []


Overfull \hbox (174.17477pt too wide) detected at line 841
  [] [] [] [] [] []  
 []

<../project2/figures/qqPlots/rnnGood_training.png, id=833, 462.528pt x 346.896pt>
File: ../project2/figures/qqPlots/rnnGood_training.png Graphic file (type png)
<use ../project2/figures/qqPlots/rnnGood_training.png>
Package pdftex.def Info: ../project2/figures/qqPlots/rnnGood_training.png  used on input line 841.
(pdftex.def)             Requested size: 147.49782pt x 110.62257pt.
<../project2/figures/qqPlots/rnnBad_training.png, id=834, 462.528pt x 346.896pt>
File: ../project2/figures/qqPlots/rnnBad_training.png Graphic file (type png)
<use ../project2/figures/qqPlots/rnnBad_training.png>
Package pdftex.def Info: ../project2/figures/qqPlots/rnnBad_training.png  used on input line 841.
(pdftex.def)             Requested size: 147.49782pt x 110.62257pt.

Overfull \hbox (174.17477pt too wide) has occurred while \output is active
  [] [] [] [] [] []  
 []


Overfull \hbox (171.96246pt too wide) has occurred while \output is active
 [][][][]  
 []

[39

 <../project2/figures/qqPlots/rnnGood_training.png> <../project2/figures/qqPlots/rnnBad_training.png>]
Overfull \hbox (171.96246pt too wide) in paragraph at lines 892--892
 [][][][]  
 []


Overfull \hbox (174.17477pt too wide) detected at line 892
  [] [] [] [] [] []  
 []


Overfull \hbox (174.17477pt too wide) has occurred while \output is active
  [] [] [] [] [] []  
 []


Overfull \hbox (171.96246pt too wide) has occurred while \output is active
 [][][][]  
 []

[40

]
Overfull \hbox (171.96246pt too wide) in paragraph at lines 907--907
 [][][][]  
 []


Overfull \hbox (174.17477pt too wide) detected at line 907
  [] [] [] [] [] []  
 []

<../project2/figures/tailMatches/regLN.png, id=871, 462.528pt x 346.896pt>
File: ../project2/figures/tailMatches/regLN.png Graphic file (type png)
<use ../project2/figures/tailMatches/regLN.png>
Package pdftex.def Info: ../project2/figures/tailMatches/regLN.png  used on input line 907.
(pdftex.def)             Requested size: 147.49782pt x 110.62257pt.
<../project2/figures/tailMatches/nnLN.png, id=872, 462.528pt x 346.896pt>
File: ../project2/figures/tailMatches/nnLN.png Graphic file (type png)
<use ../project2/figures/tailMatches/nnLN.png>
Package pdftex.def Info: ../project2/figures/tailMatches/nnLN.png  used on input line 907.
(pdftex.def)             Requested size: 147.49782pt x 110.62257pt.

Overfull \hbox (174.17477pt too wide) has occurred while \output is active
  [] [] [] [] [] []  
 []


Overfull \hbox (171.96246pt too wide) has occurred while \output is active
 [][][][]  
 []

[41

 <../project2/figures/tailMatches/regLN.png> <../project2/figures/tailMatches/nnLN.png>]
Overfull \hbox (171.96246pt too wide) in paragraph at lines 923--923
 [][][][]  
 []


Overfull \hbox (174.17477pt too wide) detected at line 923
  [] [] [] [] [] []  
 []

<../project2/figures/CVaR/allLN.png, id=892, 462.528pt x 346.896pt>
File: ../project2/figures/CVaR/allLN.png Graphic file (type png)
<use ../project2/figures/CVaR/allLN.png>
Package pdftex.def Info: ../project2/figures/CVaR/allLN.png  used on input line 923.
(pdftex.def)             Requested size: 147.49782pt x 110.62257pt.
<../project2/figures/CVaR/zoomedLN.png, id=893, 462.528pt x 346.896pt>
File: ../project2/figures/CVaR/zoomedLN.png Graphic file (type png)
<use ../project2/figures/CVaR/zoomedLN.png>
Package pdftex.def Info: ../project2/figures/CVaR/zoomedLN.png  used on input line 923.
(pdftex.def)             Requested size: 147.49782pt x 110.62257pt.

Overfull \hbox (174.17477pt too wide) has occurred while \output is active
  [] [] [] [] [] []  
 []


Overfull \hbox (171.96246pt too wide) has occurred while \output is active
 [][][][]  
 []

[42

 <../project2/figures/CVaR/allLN.png> <../project2/figures/CVaR/zoomedLN.png>]
Overfull \hbox (171.96246pt too wide) in paragraph at lines 952--952
 [][][][]  
 []


Overfull \hbox (174.17477pt too wide) detected at line 952
  [] [] [] [] [] []  
 []


Overfull \hbox (174.17477pt too wide) has occurred while \output is active
  [] [] [] [] [] []  
 []


Overfull \hbox (171.96246pt too wide) has occurred while \output is active
 [][][][]  
 []

[43

]
Overfull \hbox (171.96246pt too wide) in paragraph at lines 984--984
 [][][][]  
 []


Overfull \hbox (174.17477pt too wide) detected at line 984
  [] [] [] [] [] []  
 []


Overfull \hbox (174.17477pt too wide) has occurred while \output is active
  [] [] [] [] [] []  
 []


Overfull \hbox (171.96246pt too wide) has occurred while \output is active
 [][][][]  
 []

[44

]
Overfull \hbox (171.96246pt too wide) in paragraph at lines 993--993
 [][][][]  
 []


Overfull \hbox (174.17477pt too wide) detected at line 993
  [] [] [] [] [] []  
 []

<../project2/figures/qqPlots/lstmAll.png, id=948, 867.24pt x 578.16pt>
File: ../project2/figures/qqPlots/lstmAll.png Graphic file (type png)
<use ../project2/figures/qqPlots/lstmAll.png>
Package pdftex.def Info: ../project2/figures/qqPlots/lstmAll.png  used on input line 993.
(pdftex.def)             Requested size: 307.28987pt x 204.85565pt.

Overfull \hbox (174.17477pt too wide) has occurred while \output is active
  [] [] [] [] [] []  
 []


Overfull \hbox (171.96246pt too wide) has occurred while \output is active
 [][][][]  
 []

[45

 <../project2/figures/qqPlots/lstmAll.png>]
Overfull \hbox (171.96246pt too wide) in paragraph at lines 1017--1017
 [][][][]  
 []


Overfull \hbox (174.17477pt too wide) detected at line 1017
  [] [] [] [] [] []  
 []


Overfull \hbox (174.17477pt too wide) has occurred while \output is active
  [] [] [] [] [] []  
 []


Overfull \hbox (171.96246pt too wide) has occurred while \output is active
 [][][][]  
 []

[46

]
Overfull \hbox (171.96246pt too wide) in paragraph at lines 1041--1041
 [][][][]  
 []


Overfull \hbox (174.17477pt too wide) detected at line 1041
  [] [] [] [] [] []  
 []


Overfull \hbox (174.17477pt too wide) has occurred while \output is active
  [] [] [] [] [] []  
 []


Overfull \hbox (171.96246pt too wide) has occurred while \output is active
 [][][][]  
 []

[47

]
Overfull \hbox (171.96246pt too wide) in paragraph at lines 1058--1058
 [][][][]  
 []


Overfull \hbox (174.17477pt too wide) detected at line 1058
  [] [] [] [] [] []  
 []

<../project2/figures/singleStage/CVaRmediumNoise.png, id=1002, 578.16pt x 433.62pt>
File: ../project2/figures/singleStage/CVaRmediumNoise.png Graphic file (type png)
<use ../project2/figures/singleStage/CVaRmediumNoise.png>
Package pdftex.def Info: ../project2/figures/singleStage/CVaRmediumNoise.png  used on input line 1058.
(pdftex.def)             Requested size: 147.49782pt x 110.62126pt.
<../project2/figures/singleStage/CVaRhighNoise.png, id=1003, 578.16pt x 433.62pt>
File: ../project2/figures/singleStage/CVaRhighNoise.png Graphic file (type png)
<use ../project2/figures/singleStage/CVaRhighNoise.png>
Package pdftex.def Info: ../project2/figures/singleStage/CVaRhighNoise.png  used on input line 1058.
(pdftex.def)             Requested size: 147.49782pt x 110.62126pt.

Overfull \hbox (174.17477pt too wide) has occurred while \output is active
  [] [] [] [] [] []  
 []


Overfull \hbox (171.96246pt too wide) has occurred while \output is active
 [][][][]  
 []

[48

 <../project2/figures/singleStage/CVaRmediumNoise.png> <../project2/figures/singleStage/CVaRhighNoise.png>]
Overfull \hbox (171.96246pt too wide) in paragraph at lines 1080--1080
 [][][][]  
 []


Overfull \hbox (174.17477pt too wide) detected at line 1080
  [] [] [] [] [] []  
 []

<../project2/figures/singleStage/MSEConvergence_lstmLoCap.png, id=1023, 462.528pt x 346.896pt>
File: ../project2/figures/singleStage/MSEConvergence_lstmLoCap.png Graphic file (type png)
<use ../project2/figures/singleStage/MSEConvergence_lstmLoCap.png>
Package pdftex.def Info: ../project2/figures/singleStage/MSEConvergence_lstmLoCap.png  used on input line 1080.
(pdftex.def)             Requested size: 147.49782pt x 110.62257pt.
<../project2/figures/singleStage/MSEConvergence_lstmHiCap.png, id=1024, 462.528pt x 346.896pt>
File: ../project2/figures/singleStage/MSEConvergence_lstmHiCap.png Graphic file (type png)
<use ../project2/figures/singleStage/MSEConvergence_lstmHiCap.png>
Package pdftex.def Info: ../project2/figures/singleStage/MSEConvergence_lstmHiCap.png  used on input line 1080.
(pdftex.def)             Requested size: 147.49782pt x 110.62257pt.

Overfull \hbox (174.17477pt too wide) has occurred while \output is active
  [] [] [] [] [] []  
 []


Overfull \hbox (171.96246pt too wide) has occurred while \output is active
 [][][][]  
 []

[49

 <../project2/figures/singleStage/MSEConvergence_lstmLoCap.png> <../project2/figures/singleStage/MSEConvergence_lstmHiCap.png>]
Overfull \hbox (171.96246pt too wide) in paragraph at lines 1094--1094
 [][][][]  
 []


Overfull \hbox (174.17477pt too wide) detected at line 1094
  [] [] [] [] [] []  
 []

<../project2/figures/singleStage/MSEConvergence_lstmLoCap_MN.png, id=1045, 867.24pt x 361.35pt>
File: ../project2/figures/singleStage/MSEConvergence_lstmLoCap_MN.png Graphic file (type png)
<use ../project2/figures/singleStage/MSEConvergence_lstmLoCap_MN.png>
Package pdftex.def Info: ../project2/figures/singleStage/MSEConvergence_lstmLoCap_MN.png  used on input line 1094.
(pdftex.def)             Requested size: 307.28987pt x 128.03477pt.

Overfull \hbox (174.17477pt too wide) has occurred while \output is active
  [] [] [] [] [] []  
 []


Overfull \hbox (171.96246pt too wide) has occurred while \output is active
 [][][][]  
 []

[50

 <../project2/figures/singleStage/MSEConvergence_lstmLoCap_MN.png>]
Overfull \hbox (171.96246pt too wide) in paragraph at lines 1117--1117
 [][][][]  
 []


Overfull \hbox (174.17477pt too wide) detected at line 1117
  [] [] [] [] [] []  
 []


Overfull \hbox (174.17477pt too wide) has occurred while \output is active
  [] [] [] [] [] []  
 []


Overfull \hbox (171.96246pt too wide) has occurred while \output is active
 [][][][]  
 []

[51

]
Overfull \hbox (171.96246pt too wide) in paragraph at lines 1123--1123
 [][][][]  
 []


Overfull \hbox (174.17477pt too wide) detected at line 1123
  [] [] [] [] [] []  
 []


Overfull \hbox (174.17477pt too wide) has occurred while \output is active
  [] [] [] [] [] []  
 []


Overfull \hbox (171.96246pt too wide) has occurred while \output is active
 [][][][]  
 []

[52

]
Overfull \hbox (171.96246pt too wide) in paragraph at lines 1129--1129
 [][][][]  
 []


Overfull \hbox (174.17477pt too wide) detected at line 1129
  [] [] [] [] [] []  
 []

(./pre.bbl

Package hyperref Warning: Token not allowed in a PDF string (Unicode):
(hyperref)                removing `\translate ' on input line 1.

)
Overfull \hbox (174.17477pt too wide) has occurred while \output is active
  [] [] [] [] [] []  
 []


Overfull \hbox (171.96246pt too wide) has occurred while \output is active
 [][][][]  
 []

[53

]
\tf@nav=\write6
\openout6 = `pre.nav'.

\tf@toc=\write7
\openout7 = `pre.toc'.

\tf@snm=\write8
\openout8 = `pre.snm'.

 (./pre.aux)
 ***********
LaTeX2e <2023-11-01> patch level 1
L3 programming layer <2024-02-20>
 ***********
Package rerunfilecheck Info: File `pre.out' has not changed.
(rerunfilecheck)             Checksum: B2B396348DE778C4A7F7D45A0B97D5BA;1631.
 ) 
Here is how much of TeX's memory you used:
 31507 strings out of 474116
 652328 string characters out of 5743682
 1954187 words of memory out of 5000000
 53086 multiletter control sequences out of 15000+600000
 581663 words of font info for 125 fonts, out of 8000000 for 9000
 1141 hyphenation exceptions out of 8191
 128i,15n,123p,528b,1103s stack positions out of 10000i,1000n,20000p,200000b,200000s
 </Users/xli/Library/texlive/2024/texmf-var/fonts/pk/ljfour/public/bbm/bbm9.600pk></usr/local/texlive/2024/texmf-dist/fonts/type1/public/amsfonts/cm/cmbx6.pfb></usr/local/texlive/2024/texmf-dist/fonts/type1/public/amsfonts/cm/cmex10.pfb></usr/local/texlive/2024/texmf-dist/fonts/type1/public/amsfonts/cmextra/cmex9.pfb></usr/local/texlive/2024/texmf-dist/fonts/type1/public/amsfonts/cm/cmmi10.pfb></usr/local/texlive/2024/texmf-dist/fonts/type1/public/amsfonts/cm/cmmi12.pfb></usr/local/texlive/2024/texmf-dist/fonts/type1/public/amsfonts/cm/cmmi5.pfb></usr/local/texlive/2024/texmf-dist/fonts/type1/public/amsfonts/cm/cmmi6.pfb></usr/local/texlive/2024/texmf-dist/fonts/type1/public/amsfonts/cm/cmmi7.pfb></usr/local/texlive/2024/texmf-dist/fonts/type1/public/amsfonts/cm/cmmi8.pfb></usr/local/texlive/2024/texmf-dist/fonts/type1/public/amsfonts/cm/cmmi9.pfb></usr/local/texlive/2024/texmf-dist/fonts/type1/public/amsfonts/cm/cmmib10.pfb></usr/local/texlive/2024/texmf-dist/fonts/type1/public/amsfonts/cm/cmr10.pfb></usr/local/texlive/2024/texmf-dist/fonts/type1/public/amsfonts/cm/cmr5.pfb></usr/local/texlive/2024/texmf-dist/fonts/type1/public/amsfonts/cm/cmr6.pfb></usr/local/texlive/2024/texmf-dist/fonts/type1/public/amsfonts/cm/cmr7.pfb></usr/local/texlive/2024/texmf-dist/fonts/type1/public/amsfonts/cm/cmr8.pfb></usr/local/texlive/2024/texmf-dist/fonts/type1/public/amsfonts/cm/cmr9.pfb></usr/local/texlive/2024/texmf-dist/fonts/type1/public/amsfonts/cm/cmss10.pfb></usr/local/texlive/2024/texmf-dist/fonts/type1/public/amsfonts/cm/cmss8.pfb></usr/local/texlive/2024/texmf-dist/fonts/type1/public/amsfonts/cm/cmss9.pfb></usr/local/texlive/2024/texmf-dist/fonts/type1/public/amsfonts/cm/cmssbx10.pfb></usr/local/texlive/2024/texmf-dist/fonts/type1/public/amsfonts/cm/cmssi9.pfb></usr/local/texlive/2024/texmf-dist/fonts/type1/public/amsfonts/cm/cmsy10.pfb></usr/local/texlive/2024/texmf-dist/fonts/type1/public/amsfonts/cm/cmsy5.pfb></usr/local/texlive/2024/texmf-dist/fonts/type1/public/amsfonts/cm/cmsy6.pfb></usr/local/texlive/2024/texmf-dist/fonts/type1/public/amsfonts/cm/cmsy7.pfb></usr/local/texlive/2024/texmf-dist/fonts/type1/public/amsfonts/cm/cmsy8.pfb></usr/local/texlive/2024/texmf-dist/fonts/type1/public/amsfonts/cm/cmsy9.pfb></usr/local/texlive/2024/texmf-dist/fonts/type1/public/amsfonts/symbols/msam10.pfb></usr/local/texlive/2024/texmf-dist/fonts/type1/public/amsfonts/symbols/msbm10.pfb></usr/local/texlive/2024/texmf-dist/fonts/type1/public/amsfonts/symbols/msbm5.pfb></usr/local/texlive/2024/texmf-dist/fonts/type1/public/amsfonts/symbols/msbm7.pfb>
Output written on pre.pdf (53 pages, 1392194 bytes).
PDF statistics:
 1254 PDF objects out of 1440 (max. 8388607)
 745 compressed objects within 8 object streams
 123 named destinations out of 1000 (max. 500000)
 267 words of extra memory for PDF output out of 10000 (max. 10000000)

